
> start
> tsc -p . --watch

c3:48:57â€¯PM - Starting compilation in watch mode...


3:49:02â€¯PM - Found 0 errors. Watching for file changes.
c3:49:18â€¯PM - File change detected. Starting incremental compilation...


3:49:19â€¯PM - Found 0 errors. Watching for file changes.
c5:26:24â€¯PM - File change detected. Starting incremental compilation...

error TS2688: Cannot find type definition file for 'ms'.
  The file is in the program because:
    Entry point for implicit type library 'ms'

5:26:25â€¯PM - Found 1 error. Watching for file changes.
c5:26:32â€¯PM - File change detected. Starting incremental compilation...

error TS2688: Cannot find type definition file for 'ms'.
  The file is in the program because:
    Entry point for implicit type library 'ms'

5:26:32â€¯PM - Found 1 error. Watching for file changes.
c5:26:33â€¯PM - File change detected. Starting incremental compilation...

error TS2688: Cannot find type definition file for 'ms'.
  The file is in the program because:
    Entry point for implicit type library 'ms'

5:26:33â€¯PM - Found 1 error. Watching for file changes.
c5:26:37â€¯PM - File change detected. Starting incremental compilation...

error TS2688: Cannot find type definition file for 'ms'.
  The file is in the program because:
    Entry point for implicit type library 'ms'

5:26:37â€¯PM - Found 1 error. Watching for file changes.
c5:26:37â€¯PM - File change detected. Starting incremental compilation...

error TS2688: Cannot find type definition file for 'ms'.
  The file is in the program because:
    Entry point for implicit type library 'ms'

5:26:37â€¯PM - Found 1 error. Watching for file changes.
c5:26:38â€¯PM - File change detected. Starting incremental compilation...

error TS2688: Cannot find type definition file for 'ms'.
  The file is in the program because:
    Entry point for implicit type library 'ms'

5:26:38â€¯PM - Found 1 error. Watching for file changes.
c5:26:39â€¯PM - File change detected. Starting incremental compilation...

error TS2688: Cannot find type definition file for 'ms'.
  The file is in the program because:
    Entry point for implicit type library 'ms'

5:26:39â€¯PM - Found 1 error. Watching for file changes.
c5:26:53â€¯PM - File change detected. Starting incremental compilation...

src/components/index.ts(18,81): error TS2552: Cannot find name 'HTMLIonAccordionElement'. Did you mean 'HTMLAudioElement'?
src/components/index.ts(19,91): error TS2304: Cannot find name 'HTMLIonAccordionGroupElement'.
src/components/index.ts(20,85): error TS2552: Cannot find name 'HTMLIonActionSheetElement'. Did you mean 'HTMLAtomSelectElement'?
src/components/index.ts(21,73): error TS2552: Cannot find name 'HTMLIonAlertElement'. Did you mean 'HTMLFontElement'?
src/components/index.ts(22,69): error TS2552: Cannot find name 'HTMLIonAppElement'. Did you mean 'HTMLInputElement'?
src/components/index.ts(23,75): error TS2552: Cannot find name 'HTMLIonAvatarElement'. Did you mean 'HTMLDataElement'?
src/components/index.ts(24,83): error TS2552: Cannot find name 'HTMLIonBackButtonElement'. Did you mean 'HTMLButtonElement'?
src/components/index.ts(25,79): error TS2304: Cannot find name 'HTMLIonBackdropElement'.
src/components/index.ts(26,73): error TS2552: Cannot find name 'HTMLIonBadgeElement'. Did you mean 'HTMLImageElement'?
src/components/index.ts(27,83): error TS2304: Cannot find name 'HTMLIonBreadcrumbElement'.
src/components/index.ts(28,85): error TS2304: Cannot find name 'HTMLIonBreadcrumbsElement'.
src/components/index.ts(29,75): error TS2304: Cannot find name 'HTMLIonButtonElement'.
src/components/index.ts(30,77): error TS2304: Cannot find name 'HTMLIonButtonsElement'.
src/components/index.ts(31,71): error TS2304: Cannot find name 'HTMLIonCardElement'.
src/components/index.ts(32,85): error TS2304: Cannot find name 'HTMLIonCardContentElement'.
src/components/index.ts(33,83): error TS2304: Cannot find name 'HTMLIonCardHeaderElement'.
src/components/index.ts(34,87): error TS2304: Cannot find name 'HTMLIonCardSubtitleElement'.
src/components/index.ts(35,81): error TS2304: Cannot find name 'HTMLIonCardTitleElement'.
src/components/index.ts(36,79): error TS2304: Cannot find name 'HTMLIonCheckboxElement'.
src/components/index.ts(37,71): error TS2304: Cannot find name 'HTMLIonChipElement'.
src/components/index.ts(38,69): error TS2304: Cannot find name 'HTMLIonColElement'.
src/components/index.ts(39,77): error TS2304: Cannot find name 'HTMLIonContentElement'.
src/components/index.ts(40,79): error TS2304: Cannot find name 'HTMLIonDatetimeElement'.
src/components/index.ts(41,91): error TS2304: Cannot find name 'HTMLIonDatetimeButtonElement'.
src/components/index.ts(42,69): error TS2304: Cannot find name 'HTMLIonFabElement'.
src/components/index.ts(43,81): error TS2304: Cannot find name 'HTMLIonFabButtonElement'.
src/components/index.ts(44,77): error TS2304: Cannot find name 'HTMLIonFabListElement'.
src/components/index.ts(45,75): error TS2304: Cannot find name 'HTMLIonFooterElement'.
src/components/index.ts(46,71): error TS2304: Cannot find name 'HTMLIonGridElement'.
src/components/index.ts(47,75): error TS2304: Cannot find name 'HTMLIonHeaderElement'.
src/components/index.ts(48,71): error TS2304: Cannot find name 'HTMLIonIconElement'.
src/components/index.ts(49,69): error TS2304: Cannot find name 'HTMLIonImgElement'.
src/components/index.ts(50,91): error TS2304: Cannot find name 'HTMLIonInfiniteScrollElement'.
src/components/index.ts(51,105): error TS2304: Cannot find name 'HTMLIonInfiniteScrollContentElement'.
src/components/index.ts(52,73): error TS2304: Cannot find name 'HTMLIonInputElement'.
src/components/index.ts(53,71): error TS2304: Cannot find name 'HTMLIonItemElement'.
src/components/index.ts(54,85): error TS2304: Cannot find name 'HTMLIonItemDividerElement'.
src/components/index.ts(55,81): error TS2304: Cannot find name 'HTMLIonItemGroupElement'.
src/components/index.ts(56,83): error TS2304: Cannot find name 'HTMLIonItemOptionElement'.
src/components/index.ts(57,85): error TS2304: Cannot find name 'HTMLIonItemOptionsElement'.
src/components/index.ts(58,85): error TS2304: Cannot find name 'HTMLIonItemSlidingElement'.
src/components/index.ts(59,73): error TS2304: Cannot find name 'HTMLIonLabelElement'.
src/components/index.ts(60,71): error TS2304: Cannot find name 'HTMLIonListElement'.
src/components/index.ts(61,83): error TS2304: Cannot find name 'HTMLIonListHeaderElement'.
src/components/index.ts(62,77): error TS2304: Cannot find name 'HTMLIonLoadingElement'.
src/components/index.ts(63,71): error TS2304: Cannot find name 'HTMLIonMenuElement'.
src/components/index.ts(64,83): error TS2304: Cannot find name 'HTMLIonMenuButtonElement'.
src/components/index.ts(65,83): error TS2304: Cannot find name 'HTMLIonMenuToggleElement'.
src/components/index.ts(66,73): error TS2304: Cannot find name 'HTMLIonModalElement'.
src/components/index.ts(67,69): error TS2304: Cannot find name 'HTMLIonNavElement'.
src/components/index.ts(68,77): error TS2304: Cannot find name 'HTMLIonNavLinkElement'.
src/components/index.ts(69,71): error TS2304: Cannot find name 'HTMLIonNoteElement'.
src/components/index.ts(70,75): error TS2304: Cannot find name 'HTMLIonPickerElement'.
src/components/index.ts(71,87): error TS2304: Cannot find name 'HTMLIonPickerColumnElement'.
src/components/index.ts(72,103): error TS2304: Cannot find name 'HTMLIonPickerColumnInternalElement'.
src/components/index.ts(73,91): error TS2304: Cannot find name 'HTMLIonPickerInternalElement'.
src/components/index.ts(74,77): error TS2304: Cannot find name 'HTMLIonPopoverElement'.
src/components/index.ts(75,85): error TS2304: Cannot find name 'HTMLIonProgressBarElement'.
src/components/index.ts(76,73): error TS2304: Cannot find name 'HTMLIonRadioElement'.
src/components/index.ts(77,83): error TS2304: Cannot find name 'HTMLIonRadioGroupElement'.
src/components/index.ts(78,73): error TS2304: Cannot find name 'HTMLIonRangeElement'.
src/components/index.ts(79,81): error TS2304: Cannot find name 'HTMLIonRefresherElement'.
src/components/index.ts(80,95): error TS2304: Cannot find name 'HTMLIonRefresherContentElement'.
src/components/index.ts(81,77): error TS2304: Cannot find name 'HTMLIonReorderElement'.
src/components/index.ts(82,87): error TS2304: Cannot find name 'HTMLIonReorderGroupElement'.
src/components/index.ts(83,87): error TS2304: Cannot find name 'HTMLIonRippleEffectElement'.
src/components/index.ts(84,73): error TS2304: Cannot find name 'HTMLIonRouteElement'.
src/components/index.ts(85,89): error TS2304: Cannot find name 'HTMLIonRouteRedirectElement'.
src/components/index.ts(86,75): error TS2304: Cannot find name 'HTMLIonRouterElement'.
src/components/index.ts(87,83): error TS2304: Cannot find name 'HTMLIonRouterLinkElement'.
src/components/index.ts(88,87): error TS2304: Cannot find name 'HTMLIonRouterOutletElement'.
src/components/index.ts(89,69): error TS2304: Cannot find name 'HTMLIonRowElement'.
src/components/index.ts(90,81): error TS2304: Cannot find name 'HTMLIonSearchbarElement'.
src/components/index.ts(91,77): error TS2304: Cannot find name 'HTMLIonSegmentElement'.
src/components/index.ts(92,89): error TS2304: Cannot find name 'HTMLIonSegmentButtonElement'.
src/components/index.ts(93,75): error TS2304: Cannot find name 'HTMLIonSelectElement'.
src/components/index.ts(94,87): error TS2304: Cannot find name 'HTMLIonSelectOptionElement'.
src/components/index.ts(95,89): error TS2304: Cannot find name 'HTMLIonSelectPopoverElement'.
src/components/index.ts(96,87): error TS2304: Cannot find name 'HTMLIonSkeletonTextElement'.
src/components/index.ts(97,77): error TS2304: Cannot find name 'HTMLIonSpinnerElement'.
src/components/index.ts(98,81): error TS2304: Cannot find name 'HTMLIonSplitPaneElement'.
src/components/index.ts(99,69): error TS2304: Cannot find name 'HTMLIonTabElement'.
src/components/index.ts(100,75): error TS2304: Cannot find name 'HTMLIonTabBarElement'.
src/components/index.ts(101,81): error TS2304: Cannot find name 'HTMLIonTabButtonElement'.
src/components/index.ts(102,71): error TS2304: Cannot find name 'HTMLIonTabsElement'.
src/components/index.ts(103,71): error TS2304: Cannot find name 'HTMLIonTextElement'.
src/components/index.ts(104,79): error TS2304: Cannot find name 'HTMLIonTextareaElement'.
src/components/index.ts(105,81): error TS2304: Cannot find name 'HTMLIonThumbnailElement'.
src/components/index.ts(106,73): error TS2304: Cannot find name 'HTMLIonTitleElement'.
src/components/index.ts(107,73): error TS2304: Cannot find name 'HTMLIonToastElement'.
src/components/index.ts(108,75): error TS2304: Cannot find name 'HTMLIonToggleElement'.
src/components/index.ts(109,77): error TS2304: Cannot find name 'HTMLIonToolbarElement'.

5:26:55â€¯PM - Found 92 errors. Watching for file changes.
c5:26:58â€¯PM - File change detected. Starting incremental compilation...

src/components/index.ts(18,81): error TS2552: Cannot find name 'HTMLIonAccordionElement'. Did you mean 'HTMLAudioElement'?
src/components/index.ts(19,91): error TS2304: Cannot find name 'HTMLIonAccordionGroupElement'.
src/components/index.ts(20,85): error TS2552: Cannot find name 'HTMLIonActionSheetElement'. Did you mean 'HTMLAtomSelectElement'?
src/components/index.ts(21,73): error TS2552: Cannot find name 'HTMLIonAlertElement'. Did you mean 'HTMLFontElement'?
src/components/index.ts(22,69): error TS2552: Cannot find name 'HTMLIonAppElement'. Did you mean 'HTMLInputElement'?
src/components/index.ts(23,75): error TS2552: Cannot find name 'HTMLIonAvatarElement'. Did you mean 'HTMLDataElement'?
src/components/index.ts(24,83): error TS2552: Cannot find name 'HTMLIonBackButtonElement'. Did you mean 'HTMLButtonElement'?
src/components/index.ts(25,79): error TS2304: Cannot find name 'HTMLIonBackdropElement'.
src/components/index.ts(26,73): error TS2552: Cannot find name 'HTMLIonBadgeElement'. Did you mean 'HTMLImageElement'?
src/components/index.ts(27,83): error TS2304: Cannot find name 'HTMLIonBreadcrumbElement'.
src/components/index.ts(28,85): error TS2304: Cannot find name 'HTMLIonBreadcrumbsElement'.
src/components/index.ts(29,75): error TS2304: Cannot find name 'HTMLIonButtonElement'.
src/components/index.ts(30,77): error TS2304: Cannot find name 'HTMLIonButtonsElement'.
src/components/index.ts(31,71): error TS2304: Cannot find name 'HTMLIonCardElement'.
src/components/index.ts(32,85): error TS2304: Cannot find name 'HTMLIonCardContentElement'.
src/components/index.ts(33,83): error TS2304: Cannot find name 'HTMLIonCardHeaderElement'.
src/components/index.ts(34,87): error TS2304: Cannot find name 'HTMLIonCardSubtitleElement'.
src/components/index.ts(35,81): error TS2304: Cannot find name 'HTMLIonCardTitleElement'.
src/components/index.ts(36,79): error TS2304: Cannot find name 'HTMLIonCheckboxElement'.
src/components/index.ts(37,71): error TS2304: Cannot find name 'HTMLIonChipElement'.
src/components/index.ts(38,69): error TS2304: Cannot find name 'HTMLIonColElement'.
src/components/index.ts(39,77): error TS2304: Cannot find name 'HTMLIonContentElement'.
src/components/index.ts(40,79): error TS2304: Cannot find name 'HTMLIonDatetimeElement'.
src/components/index.ts(41,91): error TS2304: Cannot find name 'HTMLIonDatetimeButtonElement'.
src/components/index.ts(42,69): error TS2304: Cannot find name 'HTMLIonFabElement'.
src/components/index.ts(43,81): error TS2304: Cannot find name 'HTMLIonFabButtonElement'.
src/components/index.ts(44,77): error TS2304: Cannot find name 'HTMLIonFabListElement'.
src/components/index.ts(45,75): error TS2304: Cannot find name 'HTMLIonFooterElement'.
src/components/index.ts(46,71): error TS2304: Cannot find name 'HTMLIonGridElement'.
src/components/index.ts(47,75): error TS2304: Cannot find name 'HTMLIonHeaderElement'.
src/components/index.ts(48,71): error TS2304: Cannot find name 'HTMLIonIconElement'.
src/components/index.ts(49,69): error TS2304: Cannot find name 'HTMLIonImgElement'.
src/components/index.ts(50,91): error TS2304: Cannot find name 'HTMLIonInfiniteScrollElement'.
src/components/index.ts(51,105): error TS2304: Cannot find name 'HTMLIonInfiniteScrollContentElement'.
src/components/index.ts(52,73): error TS2304: Cannot find name 'HTMLIonInputElement'.
src/components/index.ts(53,71): error TS2304: Cannot find name 'HTMLIonItemElement'.
src/components/index.ts(54,85): error TS2304: Cannot find name 'HTMLIonItemDividerElement'.
src/components/index.ts(55,81): error TS2304: Cannot find name 'HTMLIonItemGroupElement'.
src/components/index.ts(56,83): error TS2304: Cannot find name 'HTMLIonItemOptionElement'.
src/components/index.ts(57,85): error TS2304: Cannot find name 'HTMLIonItemOptionsElement'.
src/components/index.ts(58,85): error TS2304: Cannot find name 'HTMLIonItemSlidingElement'.
src/components/index.ts(59,73): error TS2304: Cannot find name 'HTMLIonLabelElement'.
src/components/index.ts(60,71): error TS2304: Cannot find name 'HTMLIonListElement'.
src/components/index.ts(61,83): error TS2304: Cannot find name 'HTMLIonListHeaderElement'.
src/components/index.ts(62,77): error TS2304: Cannot find name 'HTMLIonLoadingElement'.
src/components/index.ts(63,71): error TS2304: Cannot find name 'HTMLIonMenuElement'.
src/components/index.ts(64,83): error TS2304: Cannot find name 'HTMLIonMenuButtonElement'.
src/components/index.ts(65,83): error TS2304: Cannot find name 'HTMLIonMenuToggleElement'.
src/components/index.ts(66,73): error TS2304: Cannot find name 'HTMLIonModalElement'.
src/components/index.ts(67,69): error TS2304: Cannot find name 'HTMLIonNavElement'.
src/components/index.ts(68,77): error TS2304: Cannot find name 'HTMLIonNavLinkElement'.
src/components/index.ts(69,71): error TS2304: Cannot find name 'HTMLIonNoteElement'.
src/components/index.ts(70,75): error TS2304: Cannot find name 'HTMLIonPickerElement'.
src/components/index.ts(71,87): error TS2304: Cannot find name 'HTMLIonPickerColumnElement'.
src/components/index.ts(72,103): error TS2304: Cannot find name 'HTMLIonPickerColumnInternalElement'.
src/components/index.ts(73,91): error TS2304: Cannot find name 'HTMLIonPickerInternalElement'.
src/components/index.ts(74,77): error TS2304: Cannot find name 'HTMLIonPopoverElement'.
src/components/index.ts(75,85): error TS2304: Cannot find name 'HTMLIonProgressBarElement'.
src/components/index.ts(76,73): error TS2304: Cannot find name 'HTMLIonRadioElement'.
src/components/index.ts(77,83): error TS2304: Cannot find name 'HTMLIonRadioGroupElement'.
src/components/index.ts(78,73): error TS2304: Cannot find name 'HTMLIonRangeElement'.
src/components/index.ts(79,81): error TS2304: Cannot find name 'HTMLIonRefresherElement'.
src/components/index.ts(80,95): error TS2304: Cannot find name 'HTMLIonRefresherContentElement'.
src/components/index.ts(81,77): error TS2304: Cannot find name 'HTMLIonReorderElement'.
src/components/index.ts(82,87): error TS2304: Cannot find name 'HTMLIonReorderGroupElement'.
src/components/index.ts(83,87): error TS2304: Cannot find name 'HTMLIonRippleEffectElement'.
src/components/index.ts(84,73): error TS2304: Cannot find name 'HTMLIonRouteElement'.
src/components/index.ts(85,89): error TS2304: Cannot find name 'HTMLIonRouteRedirectElement'.
src/components/index.ts(86,75): error TS2304: Cannot find name 'HTMLIonRouterElement'.
src/components/index.ts(87,83): error TS2304: Cannot find name 'HTMLIonRouterLinkElement'.
src/components/index.ts(88,87): error TS2304: Cannot find name 'HTMLIonRouterOutletElement'.
src/components/index.ts(89,69): error TS2304: Cannot find name 'HTMLIonRowElement'.
src/components/index.ts(90,81): error TS2304: Cannot find name 'HTMLIonSearchbarElement'.
src/components/index.ts(91,77): error TS2304: Cannot find name 'HTMLIonSegmentElement'.
src/components/index.ts(92,89): error TS2304: Cannot find name 'HTMLIonSegmentButtonElement'.
src/components/index.ts(93,75): error TS2304: Cannot find name 'HTMLIonSelectElement'.
src/components/index.ts(94,87): error TS2304: Cannot find name 'HTMLIonSelectOptionElement'.
src/components/index.ts(95,89): error TS2304: Cannot find name 'HTMLIonSelectPopoverElement'.
src/components/index.ts(96,87): error TS2304: Cannot find name 'HTMLIonSkeletonTextElement'.
src/components/index.ts(97,77): error TS2304: Cannot find name 'HTMLIonSpinnerElement'.
src/components/index.ts(98,81): error TS2304: Cannot find name 'HTMLIonSplitPaneElement'.
src/components/index.ts(99,69): error TS2304: Cannot find name 'HTMLIonTabElement'.
src/components/index.ts(100,75): error TS2304: Cannot find name 'HTMLIonTabBarElement'.
src/components/index.ts(101,81): error TS2304: Cannot find name 'HTMLIonTabButtonElement'.
src/components/index.ts(102,71): error TS2304: Cannot find name 'HTMLIonTabsElement'.
src/components/index.ts(103,71): error TS2304: Cannot find name 'HTMLIonTextElement'.
src/components/index.ts(104,79): error TS2304: Cannot find name 'HTMLIonTextareaElement'.
src/components/index.ts(105,81): error TS2304: Cannot find name 'HTMLIonThumbnailElement'.
src/components/index.ts(106,73): error TS2304: Cannot find name 'HTMLIonTitleElement'.
src/components/index.ts(107,73): error TS2304: Cannot find name 'HTMLIonToastElement'.
src/components/index.ts(108,75): error TS2304: Cannot find name 'HTMLIonToggleElement'.
src/components/index.ts(109,77): error TS2304: Cannot find name 'HTMLIonToolbarElement'.

5:26:58â€¯PM - Found 92 errors. Watching for file changes.
c5:27:00â€¯PM - File change detected. Starting incremental compilation...

src/components/index.ts(18,81): error TS2552: Cannot find name 'HTMLIonAccordionElement'. Did you mean 'HTMLAudioElement'?
src/components/index.ts(19,91): error TS2304: Cannot find name 'HTMLIonAccordionGroupElement'.
src/components/index.ts(20,85): error TS2552: Cannot find name 'HTMLIonActionSheetElement'. Did you mean 'HTMLAtomSelectElement'?
src/components/index.ts(21,73): error TS2552: Cannot find name 'HTMLIonAlertElement'. Did you mean 'HTMLFontElement'?
src/components/index.ts(22,69): error TS2552: Cannot find name 'HTMLIonAppElement'. Did you mean 'HTMLInputElement'?
src/components/index.ts(23,75): error TS2552: Cannot find name 'HTMLIonAvatarElement'. Did you mean 'HTMLDataElement'?
src/components/index.ts(24,83): error TS2552: Cannot find name 'HTMLIonBackButtonElement'. Did you mean 'HTMLButtonElement'?
src/components/index.ts(25,79): error TS2304: Cannot find name 'HTMLIonBackdropElement'.
src/components/index.ts(26,73): error TS2552: Cannot find name 'HTMLIonBadgeElement'. Did you mean 'HTMLImageElement'?
src/components/index.ts(27,83): error TS2304: Cannot find name 'HTMLIonBreadcrumbElement'.
src/components/index.ts(28,85): error TS2304: Cannot find name 'HTMLIonBreadcrumbsElement'.
src/components/index.ts(29,75): error TS2304: Cannot find name 'HTMLIonButtonElement'.
src/components/index.ts(30,77): error TS2304: Cannot find name 'HTMLIonButtonsElement'.
src/components/index.ts(31,71): error TS2304: Cannot find name 'HTMLIonCardElement'.
src/components/index.ts(32,85): error TS2304: Cannot find name 'HTMLIonCardContentElement'.
src/components/index.ts(33,83): error TS2304: Cannot find name 'HTMLIonCardHeaderElement'.
src/components/index.ts(34,87): error TS2304: Cannot find name 'HTMLIonCardSubtitleElement'.
src/components/index.ts(35,81): error TS2304: Cannot find name 'HTMLIonCardTitleElement'.
src/components/index.ts(36,79): error TS2304: Cannot find name 'HTMLIonCheckboxElement'.
src/components/index.ts(37,71): error TS2304: Cannot find name 'HTMLIonChipElement'.
src/components/index.ts(38,69): error TS2304: Cannot find name 'HTMLIonColElement'.
src/components/index.ts(39,77): error TS2304: Cannot find name 'HTMLIonContentElement'.
src/components/index.ts(40,79): error TS2304: Cannot find name 'HTMLIonDatetimeElement'.
src/components/index.ts(41,91): error TS2304: Cannot find name 'HTMLIonDatetimeButtonElement'.
src/components/index.ts(42,69): error TS2304: Cannot find name 'HTMLIonFabElement'.
src/components/index.ts(43,81): error TS2304: Cannot find name 'HTMLIonFabButtonElement'.
src/components/index.ts(44,77): error TS2304: Cannot find name 'HTMLIonFabListElement'.
src/components/index.ts(45,75): error TS2304: Cannot find name 'HTMLIonFooterElement'.
src/components/index.ts(46,71): error TS2304: Cannot find name 'HTMLIonGridElement'.
src/components/index.ts(47,75): error TS2304: Cannot find name 'HTMLIonHeaderElement'.
src/components/index.ts(48,71): error TS2304: Cannot find name 'HTMLIonIconElement'.
src/components/index.ts(49,69): error TS2304: Cannot find name 'HTMLIonImgElement'.
src/components/index.ts(50,91): error TS2304: Cannot find name 'HTMLIonInfiniteScrollElement'.
src/components/index.ts(51,105): error TS2304: Cannot find name 'HTMLIonInfiniteScrollContentElement'.
src/components/index.ts(52,73): error TS2304: Cannot find name 'HTMLIonInputElement'.
src/components/index.ts(53,71): error TS2304: Cannot find name 'HTMLIonItemElement'.
src/components/index.ts(54,85): error TS2304: Cannot find name 'HTMLIonItemDividerElement'.
src/components/index.ts(55,81): error TS2304: Cannot find name 'HTMLIonItemGroupElement'.
src/components/index.ts(56,83): error TS2304: Cannot find name 'HTMLIonItemOptionElement'.
src/components/index.ts(57,85): error TS2304: Cannot find name 'HTMLIonItemOptionsElement'.
src/components/index.ts(58,85): error TS2304: Cannot find name 'HTMLIonItemSlidingElement'.
src/components/index.ts(59,73): error TS2304: Cannot find name 'HTMLIonLabelElement'.
src/components/index.ts(60,71): error TS2304: Cannot find name 'HTMLIonListElement'.
src/components/index.ts(61,83): error TS2304: Cannot find name 'HTMLIonListHeaderElement'.
src/components/index.ts(62,77): error TS2304: Cannot find name 'HTMLIonLoadingElement'.
src/components/index.ts(63,71): error TS2304: Cannot find name 'HTMLIonMenuElement'.
src/components/index.ts(64,83): error TS2304: Cannot find name 'HTMLIonMenuButtonElement'.
src/components/index.ts(65,83): error TS2304: Cannot find name 'HTMLIonMenuToggleElement'.
src/components/index.ts(66,73): error TS2304: Cannot find name 'HTMLIonModalElement'.
src/components/index.ts(67,69): error TS2304: Cannot find name 'HTMLIonNavElement'.
src/components/index.ts(68,77): error TS2304: Cannot find name 'HTMLIonNavLinkElement'.
src/components/index.ts(69,71): error TS2304: Cannot find name 'HTMLIonNoteElement'.
src/components/index.ts(70,75): error TS2304: Cannot find name 'HTMLIonPickerElement'.
src/components/index.ts(71,87): error TS2304: Cannot find name 'HTMLIonPickerColumnElement'.
src/components/index.ts(72,103): error TS2304: Cannot find name 'HTMLIonPickerColumnInternalElement'.
src/components/index.ts(73,91): error TS2304: Cannot find name 'HTMLIonPickerInternalElement'.
src/components/index.ts(74,77): error TS2304: Cannot find name 'HTMLIonPopoverElement'.
src/components/index.ts(75,85): error TS2304: Cannot find name 'HTMLIonProgressBarElement'.
src/components/index.ts(76,73): error TS2304: Cannot find name 'HTMLIonRadioElement'.
src/components/index.ts(77,83): error TS2304: Cannot find name 'HTMLIonRadioGroupElement'.
src/components/index.ts(78,73): error TS2304: Cannot find name 'HTMLIonRangeElement'.
src/components/index.ts(79,81): error TS2304: Cannot find name 'HTMLIonRefresherElement'.
src/components/index.ts(80,95): error TS2304: Cannot find name 'HTMLIonRefresherContentElement'.
src/components/index.ts(81,77): error TS2304: Cannot find name 'HTMLIonReorderElement'.
src/components/index.ts(82,87): error TS2304: Cannot find name 'HTMLIonReorderGroupElement'.
src/components/index.ts(83,87): error TS2304: Cannot find name 'HTMLIonRippleEffectElement'.
src/components/index.ts(84,73): error TS2304: Cannot find name 'HTMLIonRouteElement'.
src/components/index.ts(85,89): error TS2304: Cannot find name 'HTMLIonRouteRedirectElement'.
src/components/index.ts(86,75): error TS2304: Cannot find name 'HTMLIonRouterElement'.
src/components/index.ts(87,83): error TS2304: Cannot find name 'HTMLIonRouterLinkElement'.
src/components/index.ts(88,87): error TS2304: Cannot find name 'HTMLIonRouterOutletElement'.
src/components/index.ts(89,69): error TS2304: Cannot find name 'HTMLIonRowElement'.
src/components/index.ts(90,81): error TS2304: Cannot find name 'HTMLIonSearchbarElement'.
src/components/index.ts(91,77): error TS2304: Cannot find name 'HTMLIonSegmentElement'.
src/components/index.ts(92,89): error TS2304: Cannot find name 'HTMLIonSegmentButtonElement'.
src/components/index.ts(93,75): error TS2304: Cannot find name 'HTMLIonSelectElement'.
src/components/index.ts(94,87): error TS2304: Cannot find name 'HTMLIonSelectOptionElement'.
src/components/index.ts(95,89): error TS2304: Cannot find name 'HTMLIonSelectPopoverElement'.
src/components/index.ts(96,87): error TS2304: Cannot find name 'HTMLIonSkeletonTextElement'.
src/components/index.ts(97,77): error TS2304: Cannot find name 'HTMLIonSpinnerElement'.
src/components/index.ts(98,81): error TS2304: Cannot find name 'HTMLIonSplitPaneElement'.
src/components/index.ts(99,69): error TS2304: Cannot find name 'HTMLIonTabElement'.
src/components/index.ts(100,75): error TS2304: Cannot find name 'HTMLIonTabBarElement'.
src/components/index.ts(101,81): error TS2304: Cannot find name 'HTMLIonTabButtonElement'.
src/components/index.ts(102,71): error TS2304: Cannot find name 'HTMLIonTabsElement'.
src/components/index.ts(103,71): error TS2304: Cannot find name 'HTMLIonTextElement'.
src/components/index.ts(104,79): error TS2304: Cannot find name 'HTMLIonTextareaElement'.
src/components/index.ts(105,81): error TS2304: Cannot find name 'HTMLIonThumbnailElement'.
src/components/index.ts(106,73): error TS2304: Cannot find name 'HTMLIonTitleElement'.
src/components/index.ts(107,73): error TS2304: Cannot find name 'HTMLIonToastElement'.
src/components/index.ts(108,75): error TS2304: Cannot find name 'HTMLIonToggleElement'.
src/components/index.ts(109,77): error TS2304: Cannot find name 'HTMLIonToolbarElement'.

5:27:00â€¯PM - Found 92 errors. Watching for file changes.
c5:27:03â€¯PM - File change detected. Starting incremental compilation...

src/components/index.ts(18,81): error TS2552: Cannot find name 'HTMLIonAccordionElement'. Did you mean 'HTMLAudioElement'?
src/components/index.ts(19,91): error TS2304: Cannot find name 'HTMLIonAccordionGroupElement'.
src/components/index.ts(20,85): error TS2552: Cannot find name 'HTMLIonActionSheetElement'. Did you mean 'HTMLAtomSelectElement'?
src/components/index.ts(21,73): error TS2552: Cannot find name 'HTMLIonAlertElement'. Did you mean 'HTMLFontElement'?
src/components/index.ts(22,69): error TS2552: Cannot find name 'HTMLIonAppElement'. Did you mean 'HTMLInputElement'?
src/components/index.ts(23,75): error TS2552: Cannot find name 'HTMLIonAvatarElement'. Did you mean 'HTMLDataElement'?
src/components/index.ts(24,83): error TS2552: Cannot find name 'HTMLIonBackButtonElement'. Did you mean 'HTMLButtonElement'?
src/components/index.ts(25,79): error TS2304: Cannot find name 'HTMLIonBackdropElement'.
src/components/index.ts(26,73): error TS2552: Cannot find name 'HTMLIonBadgeElement'. Did you mean 'HTMLImageElement'?
src/components/index.ts(27,83): error TS2304: Cannot find name 'HTMLIonBreadcrumbElement'.
src/components/index.ts(28,85): error TS2304: Cannot find name 'HTMLIonBreadcrumbsElement'.
src/components/index.ts(29,75): error TS2304: Cannot find name 'HTMLIonButtonElement'.
src/components/index.ts(30,77): error TS2304: Cannot find name 'HTMLIonButtonsElement'.
src/components/index.ts(31,71): error TS2304: Cannot find name 'HTMLIonCardElement'.
src/components/index.ts(32,85): error TS2304: Cannot find name 'HTMLIonCardContentElement'.
src/components/index.ts(33,83): error TS2304: Cannot find name 'HTMLIonCardHeaderElement'.
src/components/index.ts(34,87): error TS2304: Cannot find name 'HTMLIonCardSubtitleElement'.
src/components/index.ts(35,81): error TS2304: Cannot find name 'HTMLIonCardTitleElement'.
src/components/index.ts(36,79): error TS2304: Cannot find name 'HTMLIonCheckboxElement'.
src/components/index.ts(37,71): error TS2304: Cannot find name 'HTMLIonChipElement'.
src/components/index.ts(38,69): error TS2304: Cannot find name 'HTMLIonColElement'.
src/components/index.ts(39,77): error TS2304: Cannot find name 'HTMLIonContentElement'.
src/components/index.ts(40,79): error TS2304: Cannot find name 'HTMLIonDatetimeElement'.
src/components/index.ts(41,91): error TS2304: Cannot find name 'HTMLIonDatetimeButtonElement'.
src/components/index.ts(42,69): error TS2304: Cannot find name 'HTMLIonFabElement'.
src/components/index.ts(43,81): error TS2304: Cannot find name 'HTMLIonFabButtonElement'.
src/components/index.ts(44,77): error TS2304: Cannot find name 'HTMLIonFabListElement'.
src/components/index.ts(45,75): error TS2304: Cannot find name 'HTMLIonFooterElement'.
src/components/index.ts(46,71): error TS2304: Cannot find name 'HTMLIonGridElement'.
src/components/index.ts(47,75): error TS2304: Cannot find name 'HTMLIonHeaderElement'.
src/components/index.ts(48,71): error TS2304: Cannot find name 'HTMLIonIconElement'.
src/components/index.ts(49,69): error TS2304: Cannot find name 'HTMLIonImgElement'.
src/components/index.ts(50,91): error TS2304: Cannot find name 'HTMLIonInfiniteScrollElement'.
src/components/index.ts(51,105): error TS2304: Cannot find name 'HTMLIonInfiniteScrollContentElement'.
src/components/index.ts(52,73): error TS2304: Cannot find name 'HTMLIonInputElement'.
src/components/index.ts(53,71): error TS2304: Cannot find name 'HTMLIonItemElement'.
src/components/index.ts(54,85): error TS2304: Cannot find name 'HTMLIonItemDividerElement'.
src/components/index.ts(55,81): error TS2304: Cannot find name 'HTMLIonItemGroupElement'.
src/components/index.ts(56,83): error TS2304: Cannot find name 'HTMLIonItemOptionElement'.
src/components/index.ts(57,85): error TS2304: Cannot find name 'HTMLIonItemOptionsElement'.
src/components/index.ts(58,85): error TS2304: Cannot find name 'HTMLIonItemSlidingElement'.
src/components/index.ts(59,73): error TS2304: Cannot find name 'HTMLIonLabelElement'.
src/components/index.ts(60,71): error TS2304: Cannot find name 'HTMLIonListElement'.
src/components/index.ts(61,83): error TS2304: Cannot find name 'HTMLIonListHeaderElement'.
src/components/index.ts(62,77): error TS2304: Cannot find name 'HTMLIonLoadingElement'.
src/components/index.ts(63,71): error TS2304: Cannot find name 'HTMLIonMenuElement'.
src/components/index.ts(64,83): error TS2304: Cannot find name 'HTMLIonMenuButtonElement'.
src/components/index.ts(65,83): error TS2304: Cannot find name 'HTMLIonMenuToggleElement'.
src/components/index.ts(66,73): error TS2304: Cannot find name 'HTMLIonModalElement'.
src/components/index.ts(67,69): error TS2304: Cannot find name 'HTMLIonNavElement'.
src/components/index.ts(68,77): error TS2304: Cannot find name 'HTMLIonNavLinkElement'.
src/components/index.ts(69,71): error TS2304: Cannot find name 'HTMLIonNoteElement'.
src/components/index.ts(70,75): error TS2304: Cannot find name 'HTMLIonPickerElement'.
src/components/index.ts(71,87): error TS2304: Cannot find name 'HTMLIonPickerColumnElement'.
src/components/index.ts(72,103): error TS2304: Cannot find name 'HTMLIonPickerColumnInternalElement'.
src/components/index.ts(73,91): error TS2304: Cannot find name 'HTMLIonPickerInternalElement'.
src/components/index.ts(74,77): error TS2304: Cannot find name 'HTMLIonPopoverElement'.
src/components/index.ts(75,85): error TS2304: Cannot find name 'HTMLIonProgressBarElement'.
src/components/index.ts(76,73): error TS2304: Cannot find name 'HTMLIonRadioElement'.
src/components/index.ts(77,83): error TS2304: Cannot find name 'HTMLIonRadioGroupElement'.
src/components/index.ts(78,73): error TS2304: Cannot find name 'HTMLIonRangeElement'.
src/components/index.ts(79,81): error TS2304: Cannot find name 'HTMLIonRefresherElement'.
src/components/index.ts(80,95): error TS2304: Cannot find name 'HTMLIonRefresherContentElement'.
src/components/index.ts(81,77): error TS2304: Cannot find name 'HTMLIonReorderElement'.
src/components/index.ts(82,87): error TS2304: Cannot find name 'HTMLIonReorderGroupElement'.
src/components/index.ts(83,87): error TS2304: Cannot find name 'HTMLIonRippleEffectElement'.
src/components/index.ts(84,73): error TS2304: Cannot find name 'HTMLIonRouteElement'.
src/components/index.ts(85,89): error TS2304: Cannot find name 'HTMLIonRouteRedirectElement'.
src/components/index.ts(86,75): error TS2304: Cannot find name 'HTMLIonRouterElement'.
src/components/index.ts(87,83): error TS2304: Cannot find name 'HTMLIonRouterLinkElement'.
src/components/index.ts(88,87): error TS2304: Cannot find name 'HTMLIonRouterOutletElement'.
src/components/index.ts(89,69): error TS2304: Cannot find name 'HTMLIonRowElement'.
src/components/index.ts(90,81): error TS2304: Cannot find name 'HTMLIonSearchbarElement'.
src/components/index.ts(91,77): error TS2304: Cannot find name 'HTMLIonSegmentElement'.
src/components/index.ts(92,89): error TS2304: Cannot find name 'HTMLIonSegmentButtonElement'.
src/components/index.ts(93,75): error TS2304: Cannot find name 'HTMLIonSelectElement'.
src/components/index.ts(94,87): error TS2304: Cannot find name 'HTMLIonSelectOptionElement'.
src/components/index.ts(95,89): error TS2304: Cannot find name 'HTMLIonSelectPopoverElement'.
src/components/index.ts(96,87): error TS2304: Cannot find name 'HTMLIonSkeletonTextElement'.
src/components/index.ts(97,77): error TS2304: Cannot find name 'HTMLIonSpinnerElement'.
src/components/index.ts(98,81): error TS2304: Cannot find name 'HTMLIonSplitPaneElement'.
src/components/index.ts(99,69): error TS2304: Cannot find name 'HTMLIonTabElement'.
src/components/index.ts(100,75): error TS2304: Cannot find name 'HTMLIonTabBarElement'.
src/components/index.ts(101,81): error TS2304: Cannot find name 'HTMLIonTabButtonElement'.
src/components/index.ts(102,71): error TS2304: Cannot find name 'HTMLIonTabsElement'.
src/components/index.ts(103,71): error TS2304: Cannot find name 'HTMLIonTextElement'.
src/components/index.ts(104,79): error TS2304: Cannot find name 'HTMLIonTextareaElement'.
src/components/index.ts(105,81): error TS2304: Cannot find name 'HTMLIonThumbnailElement'.
src/components/index.ts(106,73): error TS2304: Cannot find name 'HTMLIonTitleElement'.
src/components/index.ts(107,73): error TS2304: Cannot find name 'HTMLIonToastElement'.
src/components/index.ts(108,75): error TS2304: Cannot find name 'HTMLIonToggleElement'.
src/components/index.ts(109,77): error TS2304: Cannot find name 'HTMLIonToolbarElement'.

5:27:04â€¯PM - Found 92 errors. Watching for file changes.
c5:27:05â€¯PM - File change detected. Starting incremental compilation...

src/components/index.ts(18,81): error TS2552: Cannot find name 'HTMLIonAccordionElement'. Did you mean 'HTMLAudioElement'?
src/components/index.ts(19,91): error TS2304: Cannot find name 'HTMLIonAccordionGroupElement'.
src/components/index.ts(20,85): error TS2552: Cannot find name 'HTMLIonActionSheetElement'. Did you mean 'HTMLAtomSelectElement'?
src/components/index.ts(21,73): error TS2552: Cannot find name 'HTMLIonAlertElement'. Did you mean 'HTMLFontElement'?
src/components/index.ts(22,69): error TS2552: Cannot find name 'HTMLIonAppElement'. Did you mean 'HTMLInputElement'?
src/components/index.ts(23,75): error TS2552: Cannot find name 'HTMLIonAvatarElement'. Did you mean 'HTMLDataElement'?
src/components/index.ts(24,83): error TS2552: Cannot find name 'HTMLIonBackButtonElement'. Did you mean 'HTMLButtonElement'?
src/components/index.ts(25,79): error TS2304: Cannot find name 'HTMLIonBackdropElement'.
src/components/index.ts(26,73): error TS2552: Cannot find name 'HTMLIonBadgeElement'. Did you mean 'HTMLImageElement'?
src/components/index.ts(27,83): error TS2304: Cannot find name 'HTMLIonBreadcrumbElement'.
src/components/index.ts(28,85): error TS2304: Cannot find name 'HTMLIonBreadcrumbsElement'.
src/components/index.ts(29,75): error TS2304: Cannot find name 'HTMLIonButtonElement'.
src/components/index.ts(30,77): error TS2304: Cannot find name 'HTMLIonButtonsElement'.
src/components/index.ts(31,71): error TS2304: Cannot find name 'HTMLIonCardElement'.
src/components/index.ts(32,85): error TS2304: Cannot find name 'HTMLIonCardContentElement'.
src/components/index.ts(33,83): error TS2304: Cannot find name 'HTMLIonCardHeaderElement'.
src/components/index.ts(34,87): error TS2304: Cannot find name 'HTMLIonCardSubtitleElement'.
src/components/index.ts(35,81): error TS2304: Cannot find name 'HTMLIonCardTitleElement'.
src/components/index.ts(36,79): error TS2304: Cannot find name 'HTMLIonCheckboxElement'.
src/components/index.ts(37,71): error TS2304: Cannot find name 'HTMLIonChipElement'.
src/components/index.ts(38,69): error TS2304: Cannot find name 'HTMLIonColElement'.
src/components/index.ts(39,77): error TS2304: Cannot find name 'HTMLIonContentElement'.
src/components/index.ts(40,79): error TS2304: Cannot find name 'HTMLIonDatetimeElement'.
src/components/index.ts(41,91): error TS2304: Cannot find name 'HTMLIonDatetimeButtonElement'.
src/components/index.ts(42,69): error TS2304: Cannot find name 'HTMLIonFabElement'.
src/components/index.ts(43,81): error TS2304: Cannot find name 'HTMLIonFabButtonElement'.
src/components/index.ts(44,77): error TS2304: Cannot find name 'HTMLIonFabListElement'.
src/components/index.ts(45,75): error TS2304: Cannot find name 'HTMLIonFooterElement'.
src/components/index.ts(46,71): error TS2304: Cannot find name 'HTMLIonGridElement'.
src/components/index.ts(47,75): error TS2304: Cannot find name 'HTMLIonHeaderElement'.
src/components/index.ts(48,71): error TS2304: Cannot find name 'HTMLIonIconElement'.
src/components/index.ts(49,69): error TS2304: Cannot find name 'HTMLIonImgElement'.
src/components/index.ts(50,91): error TS2304: Cannot find name 'HTMLIonInfiniteScrollElement'.
src/components/index.ts(51,105): error TS2304: Cannot find name 'HTMLIonInfiniteScrollContentElement'.
src/components/index.ts(52,73): error TS2304: Cannot find name 'HTMLIonInputElement'.
src/components/index.ts(53,71): error TS2304: Cannot find name 'HTMLIonItemElement'.
src/components/index.ts(54,85): error TS2304: Cannot find name 'HTMLIonItemDividerElement'.
src/components/index.ts(55,81): error TS2304: Cannot find name 'HTMLIonItemGroupElement'.
src/components/index.ts(56,83): error TS2304: Cannot find name 'HTMLIonItemOptionElement'.
src/components/index.ts(57,85): error TS2304: Cannot find name 'HTMLIonItemOptionsElement'.
src/components/index.ts(58,85): error TS2304: Cannot find name 'HTMLIonItemSlidingElement'.
src/components/index.ts(59,73): error TS2304: Cannot find name 'HTMLIonLabelElement'.
src/components/index.ts(60,71): error TS2304: Cannot find name 'HTMLIonListElement'.
src/components/index.ts(61,83): error TS2304: Cannot find name 'HTMLIonListHeaderElement'.
src/components/index.ts(62,77): error TS2304: Cannot find name 'HTMLIonLoadingElement'.
src/components/index.ts(63,71): error TS2304: Cannot find name 'HTMLIonMenuElement'.
src/components/index.ts(64,83): error TS2304: Cannot find name 'HTMLIonMenuButtonElement'.
src/components/index.ts(65,83): error TS2304: Cannot find name 'HTMLIonMenuToggleElement'.
src/components/index.ts(66,73): error TS2304: Cannot find name 'HTMLIonModalElement'.
src/components/index.ts(67,69): error TS2304: Cannot find name 'HTMLIonNavElement'.
src/components/index.ts(68,77): error TS2304: Cannot find name 'HTMLIonNavLinkElement'.
src/components/index.ts(69,71): error TS2304: Cannot find name 'HTMLIonNoteElement'.
src/components/index.ts(70,75): error TS2304: Cannot find name 'HTMLIonPickerElement'.
src/components/index.ts(71,87): error TS2304: Cannot find name 'HTMLIonPickerColumnElement'.
src/components/index.ts(72,103): error TS2304: Cannot find name 'HTMLIonPickerColumnInternalElement'.
src/components/index.ts(73,91): error TS2304: Cannot find name 'HTMLIonPickerInternalElement'.
src/components/index.ts(74,77): error TS2304: Cannot find name 'HTMLIonPopoverElement'.
src/components/index.ts(75,85): error TS2304: Cannot find name 'HTMLIonProgressBarElement'.
src/components/index.ts(76,73): error TS2304: Cannot find name 'HTMLIonRadioElement'.
src/components/index.ts(77,83): error TS2304: Cannot find name 'HTMLIonRadioGroupElement'.
src/components/index.ts(78,73): error TS2304: Cannot find name 'HTMLIonRangeElement'.
src/components/index.ts(79,81): error TS2304: Cannot find name 'HTMLIonRefresherElement'.
src/components/index.ts(80,95): error TS2304: Cannot find name 'HTMLIonRefresherContentElement'.
src/components/index.ts(81,77): error TS2304: Cannot find name 'HTMLIonReorderElement'.
src/components/index.ts(82,87): error TS2304: Cannot find name 'HTMLIonReorderGroupElement'.
src/components/index.ts(83,87): error TS2304: Cannot find name 'HTMLIonRippleEffectElement'.
src/components/index.ts(84,73): error TS2304: Cannot find name 'HTMLIonRouteElement'.
src/components/index.ts(85,89): error TS2304: Cannot find name 'HTMLIonRouteRedirectElement'.
src/components/index.ts(86,75): error TS2304: Cannot find name 'HTMLIonRouterElement'.
src/components/index.ts(87,83): error TS2304: Cannot find name 'HTMLIonRouterLinkElement'.
src/components/index.ts(88,87): error TS2304: Cannot find name 'HTMLIonRouterOutletElement'.
src/components/index.ts(89,69): error TS2304: Cannot find name 'HTMLIonRowElement'.
src/components/index.ts(90,81): error TS2304: Cannot find name 'HTMLIonSearchbarElement'.
src/components/index.ts(91,77): error TS2304: Cannot find name 'HTMLIonSegmentElement'.
src/components/index.ts(92,89): error TS2304: Cannot find name 'HTMLIonSegmentButtonElement'.
src/components/index.ts(93,75): error TS2304: Cannot find name 'HTMLIonSelectElement'.
src/components/index.ts(94,87): error TS2304: Cannot find name 'HTMLIonSelectOptionElement'.
src/components/index.ts(95,89): error TS2304: Cannot find name 'HTMLIonSelectPopoverElement'.
src/components/index.ts(96,87): error TS2304: Cannot find name 'HTMLIonSkeletonTextElement'.
src/components/index.ts(97,77): error TS2304: Cannot find name 'HTMLIonSpinnerElement'.
src/components/index.ts(98,81): error TS2304: Cannot find name 'HTMLIonSplitPaneElement'.
src/components/index.ts(99,69): error TS2304: Cannot find name 'HTMLIonTabElement'.
src/components/index.ts(100,75): error TS2304: Cannot find name 'HTMLIonTabBarElement'.
src/components/index.ts(101,81): error TS2304: Cannot find name 'HTMLIonTabButtonElement'.
src/components/index.ts(102,71): error TS2304: Cannot find name 'HTMLIonTabsElement'.
src/components/index.ts(103,71): error TS2304: Cannot find name 'HTMLIonTextElement'.
src/components/index.ts(104,79): error TS2304: Cannot find name 'HTMLIonTextareaElement'.
src/components/index.ts(105,81): error TS2304: Cannot find name 'HTMLIonThumbnailElement'.
src/components/index.ts(106,73): error TS2304: Cannot find name 'HTMLIonTitleElement'.
src/components/index.ts(107,73): error TS2304: Cannot find name 'HTMLIonToastElement'.
src/components/index.ts(108,75): error TS2304: Cannot find name 'HTMLIonToggleElement'.
src/components/index.ts(109,77): error TS2304: Cannot find name 'HTMLIonToolbarElement'.

5:27:06â€¯PM - Found 92 errors. Watching for file changes.
c5:27:06â€¯PM - File change detected. Starting incremental compilation...

src/components/index.ts(18,81): error TS2552: Cannot find name 'HTMLIonAccordionElement'. Did you mean 'HTMLAudioElement'?
src/components/index.ts(19,91): error TS2304: Cannot find name 'HTMLIonAccordionGroupElement'.
src/components/index.ts(20,85): error TS2552: Cannot find name 'HTMLIonActionSheetElement'. Did you mean 'HTMLAtomSelectElement'?
src/components/index.ts(21,73): error TS2552: Cannot find name 'HTMLIonAlertElement'. Did you mean 'HTMLFontElement'?
src/components/index.ts(22,69): error TS2552: Cannot find name 'HTMLIonAppElement'. Did you mean 'HTMLInputElement'?
src/components/index.ts(23,75): error TS2552: Cannot find name 'HTMLIonAvatarElement'. Did you mean 'HTMLDataElement'?
src/components/index.ts(24,83): error TS2552: Cannot find name 'HTMLIonBackButtonElement'. Did you mean 'HTMLButtonElement'?
src/components/index.ts(25,79): error TS2304: Cannot find name 'HTMLIonBackdropElement'.
src/components/index.ts(26,73): error TS2552: Cannot find name 'HTMLIonBadgeElement'. Did you mean 'HTMLImageElement'?
src/components/index.ts(27,83): error TS2304: Cannot find name 'HTMLIonBreadcrumbElement'.
src/components/index.ts(28,85): error TS2304: Cannot find name 'HTMLIonBreadcrumbsElement'.
src/components/index.ts(29,75): error TS2304: Cannot find name 'HTMLIonButtonElement'.
src/components/index.ts(30,77): error TS2304: Cannot find name 'HTMLIonButtonsElement'.
src/components/index.ts(31,71): error TS2304: Cannot find name 'HTMLIonCardElement'.
src/components/index.ts(32,85): error TS2304: Cannot find name 'HTMLIonCardContentElement'.
src/components/index.ts(33,83): error TS2304: Cannot find name 'HTMLIonCardHeaderElement'.
src/components/index.ts(34,87): error TS2304: Cannot find name 'HTMLIonCardSubtitleElement'.
src/components/index.ts(35,81): error TS2304: Cannot find name 'HTMLIonCardTitleElement'.
src/components/index.ts(36,79): error TS2304: Cannot find name 'HTMLIonCheckboxElement'.
src/components/index.ts(37,71): error TS2304: Cannot find name 'HTMLIonChipElement'.
src/components/index.ts(38,69): error TS2304: Cannot find name 'HTMLIonColElement'.
src/components/index.ts(39,77): error TS2304: Cannot find name 'HTMLIonContentElement'.
src/components/index.ts(40,79): error TS2304: Cannot find name 'HTMLIonDatetimeElement'.
src/components/index.ts(41,91): error TS2304: Cannot find name 'HTMLIonDatetimeButtonElement'.
src/components/index.ts(42,69): error TS2304: Cannot find name 'HTMLIonFabElement'.
src/components/index.ts(43,81): error TS2304: Cannot find name 'HTMLIonFabButtonElement'.
src/components/index.ts(44,77): error TS2304: Cannot find name 'HTMLIonFabListElement'.
src/components/index.ts(45,75): error TS2304: Cannot find name 'HTMLIonFooterElement'.
src/components/index.ts(46,71): error TS2304: Cannot find name 'HTMLIonGridElement'.
src/components/index.ts(47,75): error TS2304: Cannot find name 'HTMLIonHeaderElement'.
src/components/index.ts(48,71): error TS2304: Cannot find name 'HTMLIonIconElement'.
src/components/index.ts(49,69): error TS2304: Cannot find name 'HTMLIonImgElement'.
src/components/index.ts(50,91): error TS2304: Cannot find name 'HTMLIonInfiniteScrollElement'.
src/components/index.ts(51,105): error TS2304: Cannot find name 'HTMLIonInfiniteScrollContentElement'.
src/components/index.ts(52,73): error TS2304: Cannot find name 'HTMLIonInputElement'.
src/components/index.ts(53,71): error TS2304: Cannot find name 'HTMLIonItemElement'.
src/components/index.ts(54,85): error TS2304: Cannot find name 'HTMLIonItemDividerElement'.
src/components/index.ts(55,81): error TS2304: Cannot find name 'HTMLIonItemGroupElement'.
src/components/index.ts(56,83): error TS2304: Cannot find name 'HTMLIonItemOptionElement'.
src/components/index.ts(57,85): error TS2304: Cannot find name 'HTMLIonItemOptionsElement'.
src/components/index.ts(58,85): error TS2304: Cannot find name 'HTMLIonItemSlidingElement'.
src/components/index.ts(59,73): error TS2304: Cannot find name 'HTMLIonLabelElement'.
src/components/index.ts(60,71): error TS2304: Cannot find name 'HTMLIonListElement'.
src/components/index.ts(61,83): error TS2304: Cannot find name 'HTMLIonListHeaderElement'.
src/components/index.ts(62,77): error TS2304: Cannot find name 'HTMLIonLoadingElement'.
src/components/index.ts(63,71): error TS2304: Cannot find name 'HTMLIonMenuElement'.
src/components/index.ts(64,83): error TS2304: Cannot find name 'HTMLIonMenuButtonElement'.
src/components/index.ts(65,83): error TS2304: Cannot find name 'HTMLIonMenuToggleElement'.
src/components/index.ts(66,73): error TS2304: Cannot find name 'HTMLIonModalElement'.
src/components/index.ts(67,69): error TS2304: Cannot find name 'HTMLIonNavElement'.
src/components/index.ts(68,77): error TS2304: Cannot find name 'HTMLIonNavLinkElement'.
src/components/index.ts(69,71): error TS2304: Cannot find name 'HTMLIonNoteElement'.
src/components/index.ts(70,75): error TS2304: Cannot find name 'HTMLIonPickerElement'.
src/components/index.ts(71,87): error TS2304: Cannot find name 'HTMLIonPickerColumnElement'.
src/components/index.ts(72,103): error TS2304: Cannot find name 'HTMLIonPickerColumnInternalElement'.
src/components/index.ts(73,91): error TS2304: Cannot find name 'HTMLIonPickerInternalElement'.
src/components/index.ts(74,77): error TS2304: Cannot find name 'HTMLIonPopoverElement'.
src/components/index.ts(75,85): error TS2304: Cannot find name 'HTMLIonProgressBarElement'.
src/components/index.ts(76,73): error TS2304: Cannot find name 'HTMLIonRadioElement'.
src/components/index.ts(77,83): error TS2304: Cannot find name 'HTMLIonRadioGroupElement'.
src/components/index.ts(78,73): error TS2304: Cannot find name 'HTMLIonRangeElement'.
src/components/index.ts(79,81): error TS2304: Cannot find name 'HTMLIonRefresherElement'.
src/components/index.ts(80,95): error TS2304: Cannot find name 'HTMLIonRefresherContentElement'.
src/components/index.ts(81,77): error TS2304: Cannot find name 'HTMLIonReorderElement'.
src/components/index.ts(82,87): error TS2304: Cannot find name 'HTMLIonReorderGroupElement'.
src/components/index.ts(83,87): error TS2304: Cannot find name 'HTMLIonRippleEffectElement'.
src/components/index.ts(84,73): error TS2304: Cannot find name 'HTMLIonRouteElement'.
src/components/index.ts(85,89): error TS2304: Cannot find name 'HTMLIonRouteRedirectElement'.
src/components/index.ts(86,75): error TS2304: Cannot find name 'HTMLIonRouterElement'.
src/components/index.ts(87,83): error TS2304: Cannot find name 'HTMLIonRouterLinkElement'.
src/components/index.ts(88,87): error TS2304: Cannot find name 'HTMLIonRouterOutletElement'.
src/components/index.ts(89,69): error TS2304: Cannot find name 'HTMLIonRowElement'.
src/components/index.ts(90,81): error TS2304: Cannot find name 'HTMLIonSearchbarElement'.
src/components/index.ts(91,77): error TS2304: Cannot find name 'HTMLIonSegmentElement'.
src/components/index.ts(92,89): error TS2304: Cannot find name 'HTMLIonSegmentButtonElement'.
src/components/index.ts(93,75): error TS2304: Cannot find name 'HTMLIonSelectElement'.
src/components/index.ts(94,87): error TS2304: Cannot find name 'HTMLIonSelectOptionElement'.
src/components/index.ts(95,89): error TS2304: Cannot find name 'HTMLIonSelectPopoverElement'.
src/components/index.ts(96,87): error TS2304: Cannot find name 'HTMLIonSkeletonTextElement'.
src/components/index.ts(97,77): error TS2304: Cannot find name 'HTMLIonSpinnerElement'.
src/components/index.ts(98,81): error TS2304: Cannot find name 'HTMLIonSplitPaneElement'.
src/components/index.ts(99,69): error TS2304: Cannot find name 'HTMLIonTabElement'.
src/components/index.ts(100,75): error TS2304: Cannot find name 'HTMLIonTabBarElement'.
src/components/index.ts(101,81): error TS2304: Cannot find name 'HTMLIonTabButtonElement'.
src/components/index.ts(102,71): error TS2304: Cannot find name 'HTMLIonTabsElement'.
src/components/index.ts(103,71): error TS2304: Cannot find name 'HTMLIonTextElement'.
src/components/index.ts(104,79): error TS2304: Cannot find name 'HTMLIonTextareaElement'.
src/components/index.ts(105,81): error TS2304: Cannot find name 'HTMLIonThumbnailElement'.
src/components/index.ts(106,73): error TS2304: Cannot find name 'HTMLIonTitleElement'.
src/components/index.ts(107,73): error TS2304: Cannot find name 'HTMLIonToastElement'.
src/components/index.ts(108,75): error TS2304: Cannot find name 'HTMLIonToggleElement'.
src/components/index.ts(109,77): error TS2304: Cannot find name 'HTMLIonToolbarElement'.

5:27:06â€¯PM - Found 92 errors. Watching for file changes.
c5:27:08â€¯PM - File change detected. Starting incremental compilation...

src/components/index.ts(18,81): error TS2552: Cannot find name 'HTMLIonAccordionElement'. Did you mean 'HTMLAudioElement'?
src/components/index.ts(19,91): error TS2304: Cannot find name 'HTMLIonAccordionGroupElement'.
src/components/index.ts(20,85): error TS2552: Cannot find name 'HTMLIonActionSheetElement'. Did you mean 'HTMLAtomSelectElement'?
src/components/index.ts(21,73): error TS2552: Cannot find name 'HTMLIonAlertElement'. Did you mean 'HTMLFontElement'?
src/components/index.ts(22,69): error TS2552: Cannot find name 'HTMLIonAppElement'. Did you mean 'HTMLInputElement'?
src/components/index.ts(23,75): error TS2552: Cannot find name 'HTMLIonAvatarElement'. Did you mean 'HTMLDataElement'?
src/components/index.ts(24,83): error TS2552: Cannot find name 'HTMLIonBackButtonElement'. Did you mean 'HTMLButtonElement'?
src/components/index.ts(25,79): error TS2304: Cannot find name 'HTMLIonBackdropElement'.
src/components/index.ts(26,73): error TS2552: Cannot find name 'HTMLIonBadgeElement'. Did you mean 'HTMLImageElement'?
src/components/index.ts(27,83): error TS2304: Cannot find name 'HTMLIonBreadcrumbElement'.
src/components/index.ts(28,85): error TS2304: Cannot find name 'HTMLIonBreadcrumbsElement'.
src/components/index.ts(29,75): error TS2304: Cannot find name 'HTMLIonButtonElement'.
src/components/index.ts(30,77): error TS2304: Cannot find name 'HTMLIonButtonsElement'.
src/components/index.ts(31,71): error TS2304: Cannot find name 'HTMLIonCardElement'.
src/components/index.ts(32,85): error TS2304: Cannot find name 'HTMLIonCardContentElement'.
src/components/index.ts(33,83): error TS2304: Cannot find name 'HTMLIonCardHeaderElement'.
src/components/index.ts(34,87): error TS2304: Cannot find name 'HTMLIonCardSubtitleElement'.
src/components/index.ts(35,81): error TS2304: Cannot find name 'HTMLIonCardTitleElement'.
src/components/index.ts(36,79): error TS2304: Cannot find name 'HTMLIonCheckboxElement'.
src/components/index.ts(37,71): error TS2304: Cannot find name 'HTMLIonChipElement'.
src/components/index.ts(38,69): error TS2304: Cannot find name 'HTMLIonColElement'.
src/components/index.ts(39,77): error TS2304: Cannot find name 'HTMLIonContentElement'.
src/components/index.ts(40,79): error TS2304: Cannot find name 'HTMLIonDatetimeElement'.
src/components/index.ts(41,91): error TS2304: Cannot find name 'HTMLIonDatetimeButtonElement'.
src/components/index.ts(42,69): error TS2304: Cannot find name 'HTMLIonFabElement'.
src/components/index.ts(43,81): error TS2304: Cannot find name 'HTMLIonFabButtonElement'.
src/components/index.ts(44,77): error TS2304: Cannot find name 'HTMLIonFabListElement'.
src/components/index.ts(45,75): error TS2304: Cannot find name 'HTMLIonFooterElement'.
src/components/index.ts(46,71): error TS2304: Cannot find name 'HTMLIonGridElement'.
src/components/index.ts(47,75): error TS2304: Cannot find name 'HTMLIonHeaderElement'.
src/components/index.ts(48,71): error TS2304: Cannot find name 'HTMLIonIconElement'.
src/components/index.ts(49,69): error TS2304: Cannot find name 'HTMLIonImgElement'.
src/components/index.ts(50,91): error TS2304: Cannot find name 'HTMLIonInfiniteScrollElement'.
src/components/index.ts(51,105): error TS2304: Cannot find name 'HTMLIonInfiniteScrollContentElement'.
src/components/index.ts(52,73): error TS2304: Cannot find name 'HTMLIonInputElement'.
src/components/index.ts(53,71): error TS2304: Cannot find name 'HTMLIonItemElement'.
src/components/index.ts(54,85): error TS2304: Cannot find name 'HTMLIonItemDividerElement'.
src/components/index.ts(55,81): error TS2304: Cannot find name 'HTMLIonItemGroupElement'.
src/components/index.ts(56,83): error TS2304: Cannot find name 'HTMLIonItemOptionElement'.
src/components/index.ts(57,85): error TS2304: Cannot find name 'HTMLIonItemOptionsElement'.
src/components/index.ts(58,85): error TS2304: Cannot find name 'HTMLIonItemSlidingElement'.
src/components/index.ts(59,73): error TS2304: Cannot find name 'HTMLIonLabelElement'.
src/components/index.ts(60,71): error TS2304: Cannot find name 'HTMLIonListElement'.
src/components/index.ts(61,83): error TS2304: Cannot find name 'HTMLIonListHeaderElement'.
src/components/index.ts(62,77): error TS2304: Cannot find name 'HTMLIonLoadingElement'.
src/components/index.ts(63,71): error TS2304: Cannot find name 'HTMLIonMenuElement'.
src/components/index.ts(64,83): error TS2304: Cannot find name 'HTMLIonMenuButtonElement'.
src/components/index.ts(65,83): error TS2304: Cannot find name 'HTMLIonMenuToggleElement'.
src/components/index.ts(66,73): error TS2304: Cannot find name 'HTMLIonModalElement'.
src/components/index.ts(67,69): error TS2304: Cannot find name 'HTMLIonNavElement'.
src/components/index.ts(68,77): error TS2304: Cannot find name 'HTMLIonNavLinkElement'.
src/components/index.ts(69,71): error TS2304: Cannot find name 'HTMLIonNoteElement'.
src/components/index.ts(70,75): error TS2304: Cannot find name 'HTMLIonPickerElement'.
src/components/index.ts(71,87): error TS2304: Cannot find name 'HTMLIonPickerColumnElement'.
src/components/index.ts(72,103): error TS2304: Cannot find name 'HTMLIonPickerColumnInternalElement'.
src/components/index.ts(73,91): error TS2304: Cannot find name 'HTMLIonPickerInternalElement'.
src/components/index.ts(74,77): error TS2304: Cannot find name 'HTMLIonPopoverElement'.
src/components/index.ts(75,85): error TS2304: Cannot find name 'HTMLIonProgressBarElement'.
src/components/index.ts(76,73): error TS2304: Cannot find name 'HTMLIonRadioElement'.
src/components/index.ts(77,83): error TS2304: Cannot find name 'HTMLIonRadioGroupElement'.
src/components/index.ts(78,73): error TS2304: Cannot find name 'HTMLIonRangeElement'.
src/components/index.ts(79,81): error TS2304: Cannot find name 'HTMLIonRefresherElement'.
src/components/index.ts(80,95): error TS2304: Cannot find name 'HTMLIonRefresherContentElement'.
src/components/index.ts(81,77): error TS2304: Cannot find name 'HTMLIonReorderElement'.
src/components/index.ts(82,87): error TS2304: Cannot find name 'HTMLIonReorderGroupElement'.
src/components/index.ts(83,87): error TS2304: Cannot find name 'HTMLIonRippleEffectElement'.
src/components/index.ts(84,73): error TS2304: Cannot find name 'HTMLIonRouteElement'.
src/components/index.ts(85,89): error TS2304: Cannot find name 'HTMLIonRouteRedirectElement'.
src/components/index.ts(86,75): error TS2304: Cannot find name 'HTMLIonRouterElement'.
src/components/index.ts(87,83): error TS2304: Cannot find name 'HTMLIonRouterLinkElement'.
src/components/index.ts(88,87): error TS2304: Cannot find name 'HTMLIonRouterOutletElement'.
src/components/index.ts(89,69): error TS2304: Cannot find name 'HTMLIonRowElement'.
src/components/index.ts(90,81): error TS2304: Cannot find name 'HTMLIonSearchbarElement'.
src/components/index.ts(91,77): error TS2304: Cannot find name 'HTMLIonSegmentElement'.
src/components/index.ts(92,89): error TS2304: Cannot find name 'HTMLIonSegmentButtonElement'.
src/components/index.ts(93,75): error TS2304: Cannot find name 'HTMLIonSelectElement'.
src/components/index.ts(94,87): error TS2304: Cannot find name 'HTMLIonSelectOptionElement'.
src/components/index.ts(95,89): error TS2304: Cannot find name 'HTMLIonSelectPopoverElement'.
src/components/index.ts(96,87): error TS2304: Cannot find name 'HTMLIonSkeletonTextElement'.
src/components/index.ts(97,77): error TS2304: Cannot find name 'HTMLIonSpinnerElement'.
src/components/index.ts(98,81): error TS2304: Cannot find name 'HTMLIonSplitPaneElement'.
src/components/index.ts(99,69): error TS2304: Cannot find name 'HTMLIonTabElement'.
src/components/index.ts(100,75): error TS2304: Cannot find name 'HTMLIonTabBarElement'.
src/components/index.ts(101,81): error TS2304: Cannot find name 'HTMLIonTabButtonElement'.
src/components/index.ts(102,71): error TS2304: Cannot find name 'HTMLIonTabsElement'.
src/components/index.ts(103,71): error TS2304: Cannot find name 'HTMLIonTextElement'.
src/components/index.ts(104,79): error TS2304: Cannot find name 'HTMLIonTextareaElement'.
src/components/index.ts(105,81): error TS2304: Cannot find name 'HTMLIonThumbnailElement'.
src/components/index.ts(106,73): error TS2304: Cannot find name 'HTMLIonTitleElement'.
src/components/index.ts(107,73): error TS2304: Cannot find name 'HTMLIonToastElement'.
src/components/index.ts(108,75): error TS2304: Cannot find name 'HTMLIonToggleElement'.
src/components/index.ts(109,77): error TS2304: Cannot find name 'HTMLIonToolbarElement'.

5:27:08â€¯PM - Found 92 errors. Watching for file changes.
c5:27:13â€¯PM - File change detected. Starting incremental compilation...

src/components/index.ts(18,81): error TS2552: Cannot find name 'HTMLIonAccordionElement'. Did you mean 'HTMLAudioElement'?
src/components/index.ts(19,91): error TS2304: Cannot find name 'HTMLIonAccordionGroupElement'.
src/components/index.ts(20,85): error TS2552: Cannot find name 'HTMLIonActionSheetElement'. Did you mean 'HTMLAtomSelectElement'?
src/components/index.ts(21,73): error TS2552: Cannot find name 'HTMLIonAlertElement'. Did you mean 'HTMLFontElement'?
src/components/index.ts(22,69): error TS2552: Cannot find name 'HTMLIonAppElement'. Did you mean 'HTMLInputElement'?
src/components/index.ts(23,75): error TS2552: Cannot find name 'HTMLIonAvatarElement'. Did you mean 'HTMLDataElement'?
src/components/index.ts(24,83): error TS2552: Cannot find name 'HTMLIonBackButtonElement'. Did you mean 'HTMLButtonElement'?
src/components/index.ts(25,79): error TS2304: Cannot find name 'HTMLIonBackdropElement'.
src/components/index.ts(26,73): error TS2552: Cannot find name 'HTMLIonBadgeElement'. Did you mean 'HTMLImageElement'?
src/components/index.ts(27,83): error TS2304: Cannot find name 'HTMLIonBreadcrumbElement'.
src/components/index.ts(28,85): error TS2304: Cannot find name 'HTMLIonBreadcrumbsElement'.
src/components/index.ts(29,75): error TS2304: Cannot find name 'HTMLIonButtonElement'.
src/components/index.ts(30,77): error TS2304: Cannot find name 'HTMLIonButtonsElement'.
src/components/index.ts(31,71): error TS2304: Cannot find name 'HTMLIonCardElement'.
src/components/index.ts(32,85): error TS2304: Cannot find name 'HTMLIonCardContentElement'.
src/components/index.ts(33,83): error TS2304: Cannot find name 'HTMLIonCardHeaderElement'.
src/components/index.ts(34,87): error TS2304: Cannot find name 'HTMLIonCardSubtitleElement'.
src/components/index.ts(35,81): error TS2304: Cannot find name 'HTMLIonCardTitleElement'.
src/components/index.ts(36,79): error TS2304: Cannot find name 'HTMLIonCheckboxElement'.
src/components/index.ts(37,71): error TS2304: Cannot find name 'HTMLIonChipElement'.
src/components/index.ts(38,69): error TS2304: Cannot find name 'HTMLIonColElement'.
src/components/index.ts(39,77): error TS2304: Cannot find name 'HTMLIonContentElement'.
src/components/index.ts(40,79): error TS2304: Cannot find name 'HTMLIonDatetimeElement'.
src/components/index.ts(41,91): error TS2304: Cannot find name 'HTMLIonDatetimeButtonElement'.
src/components/index.ts(42,69): error TS2304: Cannot find name 'HTMLIonFabElement'.
src/components/index.ts(43,81): error TS2304: Cannot find name 'HTMLIonFabButtonElement'.
src/components/index.ts(44,77): error TS2304: Cannot find name 'HTMLIonFabListElement'.
src/components/index.ts(45,75): error TS2304: Cannot find name 'HTMLIonFooterElement'.
src/components/index.ts(46,71): error TS2304: Cannot find name 'HTMLIonGridElement'.
src/components/index.ts(47,75): error TS2304: Cannot find name 'HTMLIonHeaderElement'.
src/components/index.ts(48,71): error TS2304: Cannot find name 'HTMLIonIconElement'.
src/components/index.ts(49,69): error TS2304: Cannot find name 'HTMLIonImgElement'.
src/components/index.ts(50,91): error TS2304: Cannot find name 'HTMLIonInfiniteScrollElement'.
src/components/index.ts(51,105): error TS2304: Cannot find name 'HTMLIonInfiniteScrollContentElement'.
src/components/index.ts(52,73): error TS2304: Cannot find name 'HTMLIonInputElement'.
src/components/index.ts(53,71): error TS2304: Cannot find name 'HTMLIonItemElement'.
src/components/index.ts(54,85): error TS2304: Cannot find name 'HTMLIonItemDividerElement'.
src/components/index.ts(55,81): error TS2304: Cannot find name 'HTMLIonItemGroupElement'.
src/components/index.ts(56,83): error TS2304: Cannot find name 'HTMLIonItemOptionElement'.
src/components/index.ts(57,85): error TS2304: Cannot find name 'HTMLIonItemOptionsElement'.
src/components/index.ts(58,85): error TS2304: Cannot find name 'HTMLIonItemSlidingElement'.
src/components/index.ts(59,73): error TS2304: Cannot find name 'HTMLIonLabelElement'.
src/components/index.ts(60,71): error TS2304: Cannot find name 'HTMLIonListElement'.
src/components/index.ts(61,83): error TS2304: Cannot find name 'HTMLIonListHeaderElement'.
src/components/index.ts(62,77): error TS2304: Cannot find name 'HTMLIonLoadingElement'.
src/components/index.ts(63,71): error TS2304: Cannot find name 'HTMLIonMenuElement'.
src/components/index.ts(64,83): error TS2304: Cannot find name 'HTMLIonMenuButtonElement'.
src/components/index.ts(65,83): error TS2304: Cannot find name 'HTMLIonMenuToggleElement'.
src/components/index.ts(66,73): error TS2304: Cannot find name 'HTMLIonModalElement'.
src/components/index.ts(67,69): error TS2304: Cannot find name 'HTMLIonNavElement'.
src/components/index.ts(68,77): error TS2304: Cannot find name 'HTMLIonNavLinkElement'.
src/components/index.ts(69,71): error TS2304: Cannot find name 'HTMLIonNoteElement'.
src/components/index.ts(70,75): error TS2304: Cannot find name 'HTMLIonPickerElement'.
src/components/index.ts(71,87): error TS2304: Cannot find name 'HTMLIonPickerColumnElement'.
src/components/index.ts(72,103): error TS2304: Cannot find name 'HTMLIonPickerColumnInternalElement'.
src/components/index.ts(73,91): error TS2304: Cannot find name 'HTMLIonPickerInternalElement'.
src/components/index.ts(74,77): error TS2304: Cannot find name 'HTMLIonPopoverElement'.
src/components/index.ts(75,85): error TS2304: Cannot find name 'HTMLIonProgressBarElement'.
src/components/index.ts(76,73): error TS2304: Cannot find name 'HTMLIonRadioElement'.
src/components/index.ts(77,83): error TS2304: Cannot find name 'HTMLIonRadioGroupElement'.
src/components/index.ts(78,73): error TS2304: Cannot find name 'HTMLIonRangeElement'.
src/components/index.ts(79,81): error TS2304: Cannot find name 'HTMLIonRefresherElement'.
src/components/index.ts(80,95): error TS2304: Cannot find name 'HTMLIonRefresherContentElement'.
src/components/index.ts(81,77): error TS2304: Cannot find name 'HTMLIonReorderElement'.
src/components/index.ts(82,87): error TS2304: Cannot find name 'HTMLIonReorderGroupElement'.
src/components/index.ts(83,87): error TS2304: Cannot find name 'HTMLIonRippleEffectElement'.
src/components/index.ts(84,73): error TS2304: Cannot find name 'HTMLIonRouteElement'.
src/components/index.ts(85,89): error TS2304: Cannot find name 'HTMLIonRouteRedirectElement'.
src/components/index.ts(86,75): error TS2304: Cannot find name 'HTMLIonRouterElement'.
src/components/index.ts(87,83): error TS2304: Cannot find name 'HTMLIonRouterLinkElement'.
src/components/index.ts(88,87): error TS2304: Cannot find name 'HTMLIonRouterOutletElement'.
src/components/index.ts(89,69): error TS2304: Cannot find name 'HTMLIonRowElement'.
src/components/index.ts(90,81): error TS2304: Cannot find name 'HTMLIonSearchbarElement'.
src/components/index.ts(91,77): error TS2304: Cannot find name 'HTMLIonSegmentElement'.
src/components/index.ts(92,89): error TS2304: Cannot find name 'HTMLIonSegmentButtonElement'.
src/components/index.ts(93,75): error TS2304: Cannot find name 'HTMLIonSelectElement'.
src/components/index.ts(94,87): error TS2304: Cannot find name 'HTMLIonSelectOptionElement'.
src/components/index.ts(95,89): error TS2304: Cannot find name 'HTMLIonSelectPopoverElement'.
src/components/index.ts(96,87): error TS2304: Cannot find name 'HTMLIonSkeletonTextElement'.
src/components/index.ts(97,77): error TS2304: Cannot find name 'HTMLIonSpinnerElement'.
src/components/index.ts(98,81): error TS2304: Cannot find name 'HTMLIonSplitPaneElement'.
src/components/index.ts(99,69): error TS2304: Cannot find name 'HTMLIonTabElement'.
src/components/index.ts(100,75): error TS2304: Cannot find name 'HTMLIonTabBarElement'.
src/components/index.ts(101,81): error TS2304: Cannot find name 'HTMLIonTabButtonElement'.
src/components/index.ts(102,71): error TS2304: Cannot find name 'HTMLIonTabsElement'.
src/components/index.ts(103,71): error TS2304: Cannot find name 'HTMLIonTextElement'.
src/components/index.ts(104,79): error TS2304: Cannot find name 'HTMLIonTextareaElement'.
src/components/index.ts(105,81): error TS2304: Cannot find name 'HTMLIonThumbnailElement'.
src/components/index.ts(106,73): error TS2304: Cannot find name 'HTMLIonTitleElement'.
src/components/index.ts(107,73): error TS2304: Cannot find name 'HTMLIonToastElement'.
src/components/index.ts(108,75): error TS2304: Cannot find name 'HTMLIonToggleElement'.
src/components/index.ts(109,77): error TS2304: Cannot find name 'HTMLIonToolbarElement'.

5:27:14â€¯PM - Found 92 errors. Watching for file changes.
c5:27:17â€¯PM - File change detected. Starting incremental compilation...


5:27:18â€¯PM - Found 0 errors. Watching for file changes.
c5:27:47â€¯PM - File change detected. Starting incremental compilation...


5:27:47â€¯PM - Found 0 errors. Watching for file changes.
c5:28:42â€¯PM - File change detected. Starting incremental compilation...

error TS2688: Cannot find type definition file for 'ms'.
  The file is in the program because:
    Entry point for implicit type library 'ms'

5:28:42â€¯PM - Found 1 error. Watching for file changes.
c5:28:47â€¯PM - File change detected. Starting incremental compilation...

error TS2688: Cannot find type definition file for 'ms'.
  The file is in the program because:
    Entry point for implicit type library 'ms'

5:28:47â€¯PM - Found 1 error. Watching for file changes.
c5:28:48â€¯PM - File change detected. Starting incremental compilation...

error TS2688: Cannot find type definition file for 'ms'.
  The file is in the program because:
    Entry point for implicit type library 'ms'

5:28:48â€¯PM - Found 1 error. Watching for file changes.
c5:28:52â€¯PM - File change detected. Starting incremental compilation...

error TS2688: Cannot find type definition file for 'ms'.
  The file is in the program because:
    Entry point for implicit type library 'ms'

5:28:52â€¯PM - Found 1 error. Watching for file changes.
c5:28:53â€¯PM - File change detected. Starting incremental compilation...

error TS2688: Cannot find type definition file for 'ms'.
  The file is in the program because:
    Entry point for implicit type library 'ms'

5:28:53â€¯PM - Found 1 error. Watching for file changes.
c5:28:55â€¯PM - File change detected. Starting incremental compilation...

error TS2688: Cannot find type definition file for 'ms'.
  The file is in the program because:
    Entry point for implicit type library 'ms'

5:28:55â€¯PM - Found 1 error. Watching for file changes.
c5:29:01â€¯PM - File change detected. Starting incremental compilation...

error TS2688: Cannot find type definition file for 'ms'.
  The file is in the program because:
    Entry point for implicit type library 'ms'

5:29:01â€¯PM - Found 1 error. Watching for file changes.
c5:29:02â€¯PM - File change detected. Starting incremental compilation...

error TS2688: Cannot find type definition file for 'ms'.
  The file is in the program because:
    Entry point for implicit type library 'ms'

5:29:02â€¯PM - Found 1 error. Watching for file changes.
c5:29:06â€¯PM - File change detected. Starting incremental compilation...

error TS2688: Cannot find type definition file for 'ms'.
  The file is in the program because:
    Entry point for implicit type library 'ms'

5:29:06â€¯PM - Found 1 error. Watching for file changes.
c5:29:07â€¯PM - File change detected. Starting incremental compilation...

error TS2688: Cannot find type definition file for 'ms'.
  The file is in the program because:
    Entry point for implicit type library 'ms'

5:29:07â€¯PM - Found 1 error. Watching for file changes.
c5:29:07â€¯PM - File change detected. Starting incremental compilation...

src/components/index.ts(18,81): error TS2552: Cannot find name 'HTMLIonAccordionElement'. Did you mean 'HTMLAudioElement'?
src/components/index.ts(19,91): error TS2304: Cannot find name 'HTMLIonAccordionGroupElement'.
src/components/index.ts(20,85): error TS2552: Cannot find name 'HTMLIonActionSheetElement'. Did you mean 'HTMLAtomSelectElement'?
src/components/index.ts(21,73): error TS2552: Cannot find name 'HTMLIonAlertElement'. Did you mean 'HTMLFontElement'?
src/components/index.ts(22,69): error TS2552: Cannot find name 'HTMLIonAppElement'. Did you mean 'HTMLInputElement'?
src/components/index.ts(23,75): error TS2552: Cannot find name 'HTMLIonAvatarElement'. Did you mean 'HTMLDataElement'?
src/components/index.ts(24,83): error TS2552: Cannot find name 'HTMLIonBackButtonElement'. Did you mean 'HTMLButtonElement'?
src/components/index.ts(25,79): error TS2304: Cannot find name 'HTMLIonBackdropElement'.
src/components/index.ts(26,73): error TS2552: Cannot find name 'HTMLIonBadgeElement'. Did you mean 'HTMLImageElement'?
src/components/index.ts(27,83): error TS2304: Cannot find name 'HTMLIonBreadcrumbElement'.
src/components/index.ts(28,85): error TS2304: Cannot find name 'HTMLIonBreadcrumbsElement'.
src/components/index.ts(29,75): error TS2304: Cannot find name 'HTMLIonButtonElement'.
src/components/index.ts(30,77): error TS2304: Cannot find name 'HTMLIonButtonsElement'.
src/components/index.ts(31,71): error TS2304: Cannot find name 'HTMLIonCardElement'.
src/components/index.ts(32,85): error TS2304: Cannot find name 'HTMLIonCardContentElement'.
src/components/index.ts(33,83): error TS2304: Cannot find name 'HTMLIonCardHeaderElement'.
src/components/index.ts(34,87): error TS2304: Cannot find name 'HTMLIonCardSubtitleElement'.
src/components/index.ts(35,81): error TS2304: Cannot find name 'HTMLIonCardTitleElement'.
src/components/index.ts(36,79): error TS2304: Cannot find name 'HTMLIonCheckboxElement'.
src/components/index.ts(37,71): error TS2304: Cannot find name 'HTMLIonChipElement'.
src/components/index.ts(38,69): error TS2304: Cannot find name 'HTMLIonColElement'.
src/components/index.ts(39,77): error TS2304: Cannot find name 'HTMLIonContentElement'.
src/components/index.ts(40,79): error TS2304: Cannot find name 'HTMLIonDatetimeElement'.
src/components/index.ts(41,91): error TS2304: Cannot find name 'HTMLIonDatetimeButtonElement'.
src/components/index.ts(42,69): error TS2304: Cannot find name 'HTMLIonFabElement'.
src/components/index.ts(43,81): error TS2304: Cannot find name 'HTMLIonFabButtonElement'.
src/components/index.ts(44,77): error TS2304: Cannot find name 'HTMLIonFabListElement'.
src/components/index.ts(45,75): error TS2304: Cannot find name 'HTMLIonFooterElement'.
src/components/index.ts(46,71): error TS2304: Cannot find name 'HTMLIonGridElement'.
src/components/index.ts(47,75): error TS2304: Cannot find name 'HTMLIonHeaderElement'.
src/components/index.ts(48,71): error TS2304: Cannot find name 'HTMLIonIconElement'.
src/components/index.ts(49,69): error TS2304: Cannot find name 'HTMLIonImgElement'.
src/components/index.ts(50,91): error TS2304: Cannot find name 'HTMLIonInfiniteScrollElement'.
src/components/index.ts(51,105): error TS2304: Cannot find name 'HTMLIonInfiniteScrollContentElement'.
src/components/index.ts(52,73): error TS2304: Cannot find name 'HTMLIonInputElement'.
src/components/index.ts(53,71): error TS2304: Cannot find name 'HTMLIonItemElement'.
src/components/index.ts(54,85): error TS2304: Cannot find name 'HTMLIonItemDividerElement'.
src/components/index.ts(55,81): error TS2304: Cannot find name 'HTMLIonItemGroupElement'.
src/components/index.ts(56,83): error TS2304: Cannot find name 'HTMLIonItemOptionElement'.
src/components/index.ts(57,85): error TS2304: Cannot find name 'HTMLIonItemOptionsElement'.
src/components/index.ts(58,85): error TS2304: Cannot find name 'HTMLIonItemSlidingElement'.
src/components/index.ts(59,73): error TS2304: Cannot find name 'HTMLIonLabelElement'.
src/components/index.ts(60,71): error TS2304: Cannot find name 'HTMLIonListElement'.
src/components/index.ts(61,83): error TS2304: Cannot find name 'HTMLIonListHeaderElement'.
src/components/index.ts(62,77): error TS2304: Cannot find name 'HTMLIonLoadingElement'.
src/components/index.ts(63,71): error TS2304: Cannot find name 'HTMLIonMenuElement'.
src/components/index.ts(64,83): error TS2304: Cannot find name 'HTMLIonMenuButtonElement'.
src/components/index.ts(65,83): error TS2304: Cannot find name 'HTMLIonMenuToggleElement'.
src/components/index.ts(66,73): error TS2304: Cannot find name 'HTMLIonModalElement'.
src/components/index.ts(67,69): error TS2304: Cannot find name 'HTMLIonNavElement'.
src/components/index.ts(68,77): error TS2304: Cannot find name 'HTMLIonNavLinkElement'.
src/components/index.ts(69,71): error TS2304: Cannot find name 'HTMLIonNoteElement'.
src/components/index.ts(70,75): error TS2304: Cannot find name 'HTMLIonPickerElement'.
src/components/index.ts(71,87): error TS2304: Cannot find name 'HTMLIonPickerColumnElement'.
src/components/index.ts(72,103): error TS2304: Cannot find name 'HTMLIonPickerColumnInternalElement'.
src/components/index.ts(73,91): error TS2304: Cannot find name 'HTMLIonPickerInternalElement'.
src/components/index.ts(74,77): error TS2304: Cannot find name 'HTMLIonPopoverElement'.
src/components/index.ts(75,85): error TS2304: Cannot find name 'HTMLIonProgressBarElement'.
src/components/index.ts(76,73): error TS2304: Cannot find name 'HTMLIonRadioElement'.
src/components/index.ts(77,83): error TS2304: Cannot find name 'HTMLIonRadioGroupElement'.
src/components/index.ts(78,73): error TS2304: Cannot find name 'HTMLIonRangeElement'.
src/components/index.ts(79,81): error TS2304: Cannot find name 'HTMLIonRefresherElement'.
src/components/index.ts(80,95): error TS2304: Cannot find name 'HTMLIonRefresherContentElement'.
src/components/index.ts(81,77): error TS2304: Cannot find name 'HTMLIonReorderElement'.
src/components/index.ts(82,87): error TS2304: Cannot find name 'HTMLIonReorderGroupElement'.
src/components/index.ts(83,87): error TS2304: Cannot find name 'HTMLIonRippleEffectElement'.
src/components/index.ts(84,73): error TS2304: Cannot find name 'HTMLIonRouteElement'.
src/components/index.ts(85,89): error TS2304: Cannot find name 'HTMLIonRouteRedirectElement'.
src/components/index.ts(86,75): error TS2304: Cannot find name 'HTMLIonRouterElement'.
src/components/index.ts(87,83): error TS2304: Cannot find name 'HTMLIonRouterLinkElement'.
src/components/index.ts(88,87): error TS2304: Cannot find name 'HTMLIonRouterOutletElement'.
src/components/index.ts(89,69): error TS2304: Cannot find name 'HTMLIonRowElement'.
src/components/index.ts(90,81): error TS2304: Cannot find name 'HTMLIonSearchbarElement'.
src/components/index.ts(91,77): error TS2304: Cannot find name 'HTMLIonSegmentElement'.
src/components/index.ts(92,89): error TS2304: Cannot find name 'HTMLIonSegmentButtonElement'.
src/components/index.ts(93,75): error TS2304: Cannot find name 'HTMLIonSelectElement'.
src/components/index.ts(94,87): error TS2304: Cannot find name 'HTMLIonSelectOptionElement'.
src/components/index.ts(95,89): error TS2304: Cannot find name 'HTMLIonSelectPopoverElement'.
src/components/index.ts(96,87): error TS2304: Cannot find name 'HTMLIonSkeletonTextElement'.
src/components/index.ts(97,77): error TS2304: Cannot find name 'HTMLIonSpinnerElement'.
src/components/index.ts(98,81): error TS2304: Cannot find name 'HTMLIonSplitPaneElement'.
src/components/index.ts(99,69): error TS2304: Cannot find name 'HTMLIonTabElement'.
src/components/index.ts(100,75): error TS2304: Cannot find name 'HTMLIonTabBarElement'.
src/components/index.ts(101,81): error TS2304: Cannot find name 'HTMLIonTabButtonElement'.
src/components/index.ts(102,71): error TS2304: Cannot find name 'HTMLIonTabsElement'.
src/components/index.ts(103,71): error TS2304: Cannot find name 'HTMLIonTextElement'.
src/components/index.ts(104,79): error TS2304: Cannot find name 'HTMLIonTextareaElement'.
src/components/index.ts(105,81): error TS2304: Cannot find name 'HTMLIonThumbnailElement'.
src/components/index.ts(106,73): error TS2304: Cannot find name 'HTMLIonTitleElement'.
src/components/index.ts(107,73): error TS2304: Cannot find name 'HTMLIonToastElement'.
src/components/index.ts(108,75): error TS2304: Cannot find name 'HTMLIonToggleElement'.
src/components/index.ts(109,77): error TS2304: Cannot find name 'HTMLIonToolbarElement'.
src/components/react-component-lib/createComponent.tsx(45,36): error TS2339: Property 'props' does not exist on type 'ReactComponent'.
src/components/react-component-lib/createComponent.tsx(49,42): error TS2339: Property 'props' does not exist on type 'ReactComponent'.
src/components/react-component-lib/createComponent.tsx(53,81): error TS2339: Property 'props' does not exist on type 'ReactComponent'.
src/components/react-component-lib/createComponent.tsx(76,52): error TS2339: Property 'props' does not exist on type 'ReactComponent'.
src/components/react-component-lib/createComponent.tsx(102,20): error TS2339: Property 'contextType' does not exist on type 'typeof ReactComponent'.
src/components/react-component-lib/createOverlayComponent.tsx(58,16): error TS2339: Property 'props' does not exist on type 'Overlay'.
src/components/react-component-lib/createOverlayComponent.tsx(70,16): error TS2339: Property 'props' does not exist on type 'Overlay'.
src/components/react-component-lib/createOverlayComponent.tsx(71,14): error TS2339: Property 'props' does not exist on type 'Overlay'.
src/components/react-component-lib/createOverlayComponent.tsx(73,19): error TS2339: Property 'props' does not exist on type 'Overlay'.
src/components/react-component-lib/createOverlayComponent.tsx(78,53): error TS2339: Property 'props' does not exist on type 'Overlay'.
src/components/react-component-lib/createOverlayComponent.tsx(87,40): error TS2339: Property 'props' does not exist on type 'Overlay'.
src/components/react-component-lib/createOverlayComponent.tsx(90,37): error TS2339: Property 'props' does not exist on type 'Overlay'.
src/components/react-component-lib/createOverlayComponent.tsx(90,58): error TS2339: Property 'props' does not exist on type 'Overlay'.
src/components/react-component-lib/createOverlayComponent.tsx(93,53): error TS2339: Property 'props' does not exist on type 'Overlay'.
src/components/react-component-lib/createOverlayComponent.tsx(93,74): error TS2339: Property 'props' does not exist on type 'Overlay'.
src/components/react-component-lib/createOverlayComponent.tsx(102,14): error TS2339: Property 'forceUpdate' does not exist on type 'Overlay'.
src/components/react-component-lib/createOverlayComponent.tsx(107,110): error TS2339: Property 'props' does not exist on type 'Overlay'.
src/components/react-component-lib/createOverlayComponent.tsx(110,19): error TS2339: Property 'props' does not exist on type 'Overlay'.
src/components/react-component-lib/createOverlayComponent.tsx(112,57): error TS2339: Property 'props' does not exist on type 'Overlay'.
src/components/react-component-lib/createOverlayComponent.tsx(112,84): error TS2339: Property 'props' does not exist on type 'Overlay'.
src/components/react-component-lib/createOverlayComponent.tsx(113,58): error TS2339: Property 'props' does not exist on type 'Overlay'.
src/components/react-component-lib/createOverlayComponent.tsx(113,86): error TS2339: Property 'props' does not exist on type 'Overlay'.
src/components/react-component-lib/createOverlayComponent.tsx(114,58): error TS2339: Property 'props' does not exist on type 'Overlay'.
src/components/react-component-lib/createOverlayComponent.tsx(114,86): error TS2339: Property 'props' does not exist on type 'Overlay'.
src/components/react-component-lib/createOverlayComponent.tsx(123,19): error TS2339: Property 'props' does not exist on type 'Overlay'.
src/components/react-component-lib/createOverlayComponent.tsx(135,41): error TS2339: Property 'props' does not exist on type 'Overlay'.
src/components/react-component-lib/createOverlayComponent.tsx(135,77): error TS2339: Property 'props' does not exist on type 'Overlay'.
src/components/react-component-lib/createOverlayComponent.tsx(140,12): error TS2607: JSX element class does not support attributes because it does not have a 'props' property.
src/components/react-component-lib/createOverlayComponent.tsx(140,13): error TS2786: 'Overlay' cannot be used as a JSX component.
  Its instance type 'Overlay' is not a valid JSX element.
    Type 'Overlay' is missing the following properties from type 'ElementClass': context, setState, forceUpdate, props, and 2 more.

5:29:09â€¯PM - Found 121 errors. Watching for file changes.
c5:29:10â€¯PM - File change detected. Starting incremental compilation...

src/components/index.ts(18,81): error TS2552: Cannot find name 'HTMLIonAccordionElement'. Did you mean 'HTMLAudioElement'?
src/components/index.ts(19,91): error TS2304: Cannot find name 'HTMLIonAccordionGroupElement'.
src/components/index.ts(20,85): error TS2552: Cannot find name 'HTMLIonActionSheetElement'. Did you mean 'HTMLAtomSelectElement'?
src/components/index.ts(21,73): error TS2552: Cannot find name 'HTMLIonAlertElement'. Did you mean 'HTMLFontElement'?
src/components/index.ts(22,69): error TS2552: Cannot find name 'HTMLIonAppElement'. Did you mean 'HTMLInputElement'?
src/components/index.ts(23,75): error TS2552: Cannot find name 'HTMLIonAvatarElement'. Did you mean 'HTMLDataElement'?
src/components/index.ts(24,83): error TS2552: Cannot find name 'HTMLIonBackButtonElement'. Did you mean 'HTMLButtonElement'?
src/components/index.ts(25,79): error TS2304: Cannot find name 'HTMLIonBackdropElement'.
src/components/index.ts(26,73): error TS2552: Cannot find name 'HTMLIonBadgeElement'. Did you mean 'HTMLImageElement'?
src/components/index.ts(27,83): error TS2304: Cannot find name 'HTMLIonBreadcrumbElement'.
src/components/index.ts(28,85): error TS2304: Cannot find name 'HTMLIonBreadcrumbsElement'.
src/components/index.ts(29,75): error TS2304: Cannot find name 'HTMLIonButtonElement'.
src/components/index.ts(30,77): error TS2304: Cannot find name 'HTMLIonButtonsElement'.
src/components/index.ts(31,71): error TS2304: Cannot find name 'HTMLIonCardElement'.
src/components/index.ts(32,85): error TS2304: Cannot find name 'HTMLIonCardContentElement'.
src/components/index.ts(33,83): error TS2304: Cannot find name 'HTMLIonCardHeaderElement'.
src/components/index.ts(34,87): error TS2304: Cannot find name 'HTMLIonCardSubtitleElement'.
src/components/index.ts(35,81): error TS2304: Cannot find name 'HTMLIonCardTitleElement'.
src/components/index.ts(36,79): error TS2304: Cannot find name 'HTMLIonCheckboxElement'.
src/components/index.ts(37,71): error TS2304: Cannot find name 'HTMLIonChipElement'.
src/components/index.ts(38,69): error TS2304: Cannot find name 'HTMLIonColElement'.
src/components/index.ts(39,77): error TS2304: Cannot find name 'HTMLIonContentElement'.
src/components/index.ts(40,79): error TS2304: Cannot find name 'HTMLIonDatetimeElement'.
src/components/index.ts(41,91): error TS2304: Cannot find name 'HTMLIonDatetimeButtonElement'.
src/components/index.ts(42,69): error TS2304: Cannot find name 'HTMLIonFabElement'.
src/components/index.ts(43,81): error TS2304: Cannot find name 'HTMLIonFabButtonElement'.
src/components/index.ts(44,77): error TS2304: Cannot find name 'HTMLIonFabListElement'.
src/components/index.ts(45,75): error TS2304: Cannot find name 'HTMLIonFooterElement'.
src/components/index.ts(46,71): error TS2304: Cannot find name 'HTMLIonGridElement'.
src/components/index.ts(47,75): error TS2304: Cannot find name 'HTMLIonHeaderElement'.
src/components/index.ts(48,71): error TS2304: Cannot find name 'HTMLIonIconElement'.
src/components/index.ts(49,69): error TS2304: Cannot find name 'HTMLIonImgElement'.
src/components/index.ts(50,91): error TS2304: Cannot find name 'HTMLIonInfiniteScrollElement'.
src/components/index.ts(51,105): error TS2304: Cannot find name 'HTMLIonInfiniteScrollContentElement'.
src/components/index.ts(52,73): error TS2304: Cannot find name 'HTMLIonInputElement'.
src/components/index.ts(53,71): error TS2304: Cannot find name 'HTMLIonItemElement'.
src/components/index.ts(54,85): error TS2304: Cannot find name 'HTMLIonItemDividerElement'.
src/components/index.ts(55,81): error TS2304: Cannot find name 'HTMLIonItemGroupElement'.
src/components/index.ts(56,83): error TS2304: Cannot find name 'HTMLIonItemOptionElement'.
src/components/index.ts(57,85): error TS2304: Cannot find name 'HTMLIonItemOptionsElement'.
src/components/index.ts(58,85): error TS2304: Cannot find name 'HTMLIonItemSlidingElement'.
src/components/index.ts(59,73): error TS2304: Cannot find name 'HTMLIonLabelElement'.
src/components/index.ts(60,71): error TS2304: Cannot find name 'HTMLIonListElement'.
src/components/index.ts(61,83): error TS2304: Cannot find name 'HTMLIonListHeaderElement'.
src/components/index.ts(62,77): error TS2304: Cannot find name 'HTMLIonLoadingElement'.
src/components/index.ts(63,71): error TS2304: Cannot find name 'HTMLIonMenuElement'.
src/components/index.ts(64,83): error TS2304: Cannot find name 'HTMLIonMenuButtonElement'.
src/components/index.ts(65,83): error TS2304: Cannot find name 'HTMLIonMenuToggleElement'.
src/components/index.ts(66,73): error TS2304: Cannot find name 'HTMLIonModalElement'.
src/components/index.ts(67,69): error TS2304: Cannot find name 'HTMLIonNavElement'.
src/components/index.ts(68,77): error TS2304: Cannot find name 'HTMLIonNavLinkElement'.
src/components/index.ts(69,71): error TS2304: Cannot find name 'HTMLIonNoteElement'.
src/components/index.ts(70,75): error TS2304: Cannot find name 'HTMLIonPickerElement'.
src/components/index.ts(71,87): error TS2304: Cannot find name 'HTMLIonPickerColumnElement'.
src/components/index.ts(72,103): error TS2304: Cannot find name 'HTMLIonPickerColumnInternalElement'.
src/components/index.ts(73,91): error TS2304: Cannot find name 'HTMLIonPickerInternalElement'.
src/components/index.ts(74,77): error TS2304: Cannot find name 'HTMLIonPopoverElement'.
src/components/index.ts(75,85): error TS2304: Cannot find name 'HTMLIonProgressBarElement'.
src/components/index.ts(76,73): error TS2304: Cannot find name 'HTMLIonRadioElement'.
src/components/index.ts(77,83): error TS2304: Cannot find name 'HTMLIonRadioGroupElement'.
src/components/index.ts(78,73): error TS2304: Cannot find name 'HTMLIonRangeElement'.
src/components/index.ts(79,81): error TS2304: Cannot find name 'HTMLIonRefresherElement'.
src/components/index.ts(80,95): error TS2304: Cannot find name 'HTMLIonRefresherContentElement'.
src/components/index.ts(81,77): error TS2304: Cannot find name 'HTMLIonReorderElement'.
src/components/index.ts(82,87): error TS2304: Cannot find name 'HTMLIonReorderGroupElement'.
src/components/index.ts(83,87): error TS2304: Cannot find name 'HTMLIonRippleEffectElement'.
src/components/index.ts(84,73): error TS2304: Cannot find name 'HTMLIonRouteElement'.
src/components/index.ts(85,89): error TS2304: Cannot find name 'HTMLIonRouteRedirectElement'.
src/components/index.ts(86,75): error TS2304: Cannot find name 'HTMLIonRouterElement'.
src/components/index.ts(87,83): error TS2304: Cannot find name 'HTMLIonRouterLinkElement'.
src/components/index.ts(88,87): error TS2304: Cannot find name 'HTMLIonRouterOutletElement'.
src/components/index.ts(89,69): error TS2304: Cannot find name 'HTMLIonRowElement'.
src/components/index.ts(90,81): error TS2304: Cannot find name 'HTMLIonSearchbarElement'.
src/components/index.ts(91,77): error TS2304: Cannot find name 'HTMLIonSegmentElement'.
src/components/index.ts(92,89): error TS2304: Cannot find name 'HTMLIonSegmentButtonElement'.
src/components/index.ts(93,75): error TS2304: Cannot find name 'HTMLIonSelectElement'.
src/components/index.ts(94,87): error TS2304: Cannot find name 'HTMLIonSelectOptionElement'.
src/components/index.ts(95,89): error TS2304: Cannot find name 'HTMLIonSelectPopoverElement'.
src/components/index.ts(96,87): error TS2304: Cannot find name 'HTMLIonSkeletonTextElement'.
src/components/index.ts(97,77): error TS2304: Cannot find name 'HTMLIonSpinnerElement'.
src/components/index.ts(98,81): error TS2304: Cannot find name 'HTMLIonSplitPaneElement'.
src/components/index.ts(99,69): error TS2304: Cannot find name 'HTMLIonTabElement'.
src/components/index.ts(100,75): error TS2304: Cannot find name 'HTMLIonTabBarElement'.
src/components/index.ts(101,81): error TS2304: Cannot find name 'HTMLIonTabButtonElement'.
src/components/index.ts(102,71): error TS2304: Cannot find name 'HTMLIonTabsElement'.
src/components/index.ts(103,71): error TS2304: Cannot find name 'HTMLIonTextElement'.
src/components/index.ts(104,79): error TS2304: Cannot find name 'HTMLIonTextareaElement'.
src/components/index.ts(105,81): error TS2304: Cannot find name 'HTMLIonThumbnailElement'.
src/components/index.ts(106,73): error TS2304: Cannot find name 'HTMLIonTitleElement'.
src/components/index.ts(107,73): error TS2304: Cannot find name 'HTMLIonToastElement'.
src/components/index.ts(108,75): error TS2304: Cannot find name 'HTMLIonToggleElement'.
src/components/index.ts(109,77): error TS2304: Cannot find name 'HTMLIonToolbarElement'.

5:29:12â€¯PM - Found 92 errors. Watching for file changes.
c5:29:21â€¯PM - File change detected. Starting incremental compilation...

src/components/index.ts(18,81): error TS2552: Cannot find name 'HTMLIonAccordionElement'. Did you mean 'HTMLAudioElement'?
src/components/index.ts(19,91): error TS2304: Cannot find name 'HTMLIonAccordionGroupElement'.
src/components/index.ts(20,85): error TS2552: Cannot find name 'HTMLIonActionSheetElement'. Did you mean 'HTMLAtomSelectElement'?
src/components/index.ts(21,73): error TS2552: Cannot find name 'HTMLIonAlertElement'. Did you mean 'HTMLFontElement'?
src/components/index.ts(22,69): error TS2552: Cannot find name 'HTMLIonAppElement'. Did you mean 'HTMLInputElement'?
src/components/index.ts(23,75): error TS2552: Cannot find name 'HTMLIonAvatarElement'. Did you mean 'HTMLDataElement'?
src/components/index.ts(24,83): error TS2552: Cannot find name 'HTMLIonBackButtonElement'. Did you mean 'HTMLButtonElement'?
src/components/index.ts(25,79): error TS2304: Cannot find name 'HTMLIonBackdropElement'.
src/components/index.ts(26,73): error TS2552: Cannot find name 'HTMLIonBadgeElement'. Did you mean 'HTMLImageElement'?
src/components/index.ts(27,83): error TS2304: Cannot find name 'HTMLIonBreadcrumbElement'.
src/components/index.ts(28,85): error TS2304: Cannot find name 'HTMLIonBreadcrumbsElement'.
src/components/index.ts(29,75): error TS2304: Cannot find name 'HTMLIonButtonElement'.
src/components/index.ts(30,77): error TS2304: Cannot find name 'HTMLIonButtonsElement'.
src/components/index.ts(31,71): error TS2304: Cannot find name 'HTMLIonCardElement'.
src/components/index.ts(32,85): error TS2304: Cannot find name 'HTMLIonCardContentElement'.
src/components/index.ts(33,83): error TS2304: Cannot find name 'HTMLIonCardHeaderElement'.
src/components/index.ts(34,87): error TS2304: Cannot find name 'HTMLIonCardSubtitleElement'.
src/components/index.ts(35,81): error TS2304: Cannot find name 'HTMLIonCardTitleElement'.
src/components/index.ts(36,79): error TS2304: Cannot find name 'HTMLIonCheckboxElement'.
src/components/index.ts(37,71): error TS2304: Cannot find name 'HTMLIonChipElement'.
src/components/index.ts(38,69): error TS2304: Cannot find name 'HTMLIonColElement'.
src/components/index.ts(39,77): error TS2304: Cannot find name 'HTMLIonContentElement'.
src/components/index.ts(40,79): error TS2304: Cannot find name 'HTMLIonDatetimeElement'.
src/components/index.ts(41,91): error TS2304: Cannot find name 'HTMLIonDatetimeButtonElement'.
src/components/index.ts(42,69): error TS2304: Cannot find name 'HTMLIonFabElement'.
src/components/index.ts(43,81): error TS2304: Cannot find name 'HTMLIonFabButtonElement'.
src/components/index.ts(44,77): error TS2304: Cannot find name 'HTMLIonFabListElement'.
src/components/index.ts(45,75): error TS2304: Cannot find name 'HTMLIonFooterElement'.
src/components/index.ts(46,71): error TS2304: Cannot find name 'HTMLIonGridElement'.
src/components/index.ts(47,75): error TS2304: Cannot find name 'HTMLIonHeaderElement'.
src/components/index.ts(48,71): error TS2304: Cannot find name 'HTMLIonIconElement'.
src/components/index.ts(49,69): error TS2304: Cannot find name 'HTMLIonImgElement'.
src/components/index.ts(50,91): error TS2304: Cannot find name 'HTMLIonInfiniteScrollElement'.
src/components/index.ts(51,105): error TS2304: Cannot find name 'HTMLIonInfiniteScrollContentElement'.
src/components/index.ts(52,73): error TS2304: Cannot find name 'HTMLIonInputElement'.
src/components/index.ts(53,71): error TS2304: Cannot find name 'HTMLIonItemElement'.
src/components/index.ts(54,85): error TS2304: Cannot find name 'HTMLIonItemDividerElement'.
src/components/index.ts(55,81): error TS2304: Cannot find name 'HTMLIonItemGroupElement'.
src/components/index.ts(56,83): error TS2304: Cannot find name 'HTMLIonItemOptionElement'.
src/components/index.ts(57,85): error TS2304: Cannot find name 'HTMLIonItemOptionsElement'.
src/components/index.ts(58,85): error TS2304: Cannot find name 'HTMLIonItemSlidingElement'.
src/components/index.ts(59,73): error TS2304: Cannot find name 'HTMLIonLabelElement'.
src/components/index.ts(60,71): error TS2304: Cannot find name 'HTMLIonListElement'.
src/components/index.ts(61,83): error TS2304: Cannot find name 'HTMLIonListHeaderElement'.
src/components/index.ts(62,77): error TS2304: Cannot find name 'HTMLIonLoadingElement'.
src/components/index.ts(63,71): error TS2304: Cannot find name 'HTMLIonMenuElement'.
src/components/index.ts(64,83): error TS2304: Cannot find name 'HTMLIonMenuButtonElement'.
src/components/index.ts(65,83): error TS2304: Cannot find name 'HTMLIonMenuToggleElement'.
src/components/index.ts(66,73): error TS2304: Cannot find name 'HTMLIonModalElement'.
src/components/index.ts(67,69): error TS2304: Cannot find name 'HTMLIonNavElement'.
src/components/index.ts(68,77): error TS2304: Cannot find name 'HTMLIonNavLinkElement'.
src/components/index.ts(69,71): error TS2304: Cannot find name 'HTMLIonNoteElement'.
src/components/index.ts(70,75): error TS2304: Cannot find name 'HTMLIonPickerElement'.
src/components/index.ts(71,87): error TS2304: Cannot find name 'HTMLIonPickerColumnElement'.
src/components/index.ts(72,103): error TS2304: Cannot find name 'HTMLIonPickerColumnInternalElement'.
src/components/index.ts(73,91): error TS2304: Cannot find name 'HTMLIonPickerInternalElement'.
src/components/index.ts(74,77): error TS2304: Cannot find name 'HTMLIonPopoverElement'.
src/components/index.ts(75,85): error TS2304: Cannot find name 'HTMLIonProgressBarElement'.
src/components/index.ts(76,73): error TS2304: Cannot find name 'HTMLIonRadioElement'.
src/components/index.ts(77,83): error TS2304: Cannot find name 'HTMLIonRadioGroupElement'.
src/components/index.ts(78,73): error TS2304: Cannot find name 'HTMLIonRangeElement'.
src/components/index.ts(79,81): error TS2304: Cannot find name 'HTMLIonRefresherElement'.
src/components/index.ts(80,95): error TS2304: Cannot find name 'HTMLIonRefresherContentElement'.
src/components/index.ts(81,77): error TS2304: Cannot find name 'HTMLIonReorderElement'.
src/components/index.ts(82,87): error TS2304: Cannot find name 'HTMLIonReorderGroupElement'.
src/components/index.ts(83,87): error TS2304: Cannot find name 'HTMLIonRippleEffectElement'.
src/components/index.ts(84,73): error TS2304: Cannot find name 'HTMLIonRouteElement'.
src/components/index.ts(85,89): error TS2304: Cannot find name 'HTMLIonRouteRedirectElement'.
src/components/index.ts(86,75): error TS2304: Cannot find name 'HTMLIonRouterElement'.
src/components/index.ts(87,83): error TS2304: Cannot find name 'HTMLIonRouterLinkElement'.
src/components/index.ts(88,87): error TS2304: Cannot find name 'HTMLIonRouterOutletElement'.
src/components/index.ts(89,69): error TS2304: Cannot find name 'HTMLIonRowElement'.
src/components/index.ts(90,81): error TS2304: Cannot find name 'HTMLIonSearchbarElement'.
src/components/index.ts(91,77): error TS2304: Cannot find name 'HTMLIonSegmentElement'.
src/components/index.ts(92,89): error TS2304: Cannot find name 'HTMLIonSegmentButtonElement'.
src/components/index.ts(93,75): error TS2304: Cannot find name 'HTMLIonSelectElement'.
src/components/index.ts(94,87): error TS2304: Cannot find name 'HTMLIonSelectOptionElement'.
src/components/index.ts(95,89): error TS2304: Cannot find name 'HTMLIonSelectPopoverElement'.
src/components/index.ts(96,87): error TS2304: Cannot find name 'HTMLIonSkeletonTextElement'.
src/components/index.ts(97,77): error TS2304: Cannot find name 'HTMLIonSpinnerElement'.
src/components/index.ts(98,81): error TS2304: Cannot find name 'HTMLIonSplitPaneElement'.
src/components/index.ts(99,69): error TS2304: Cannot find name 'HTMLIonTabElement'.
src/components/index.ts(100,75): error TS2304: Cannot find name 'HTMLIonTabBarElement'.
src/components/index.ts(101,81): error TS2304: Cannot find name 'HTMLIonTabButtonElement'.
src/components/index.ts(102,71): error TS2304: Cannot find name 'HTMLIonTabsElement'.
src/components/index.ts(103,71): error TS2304: Cannot find name 'HTMLIonTextElement'.
src/components/index.ts(104,79): error TS2304: Cannot find name 'HTMLIonTextareaElement'.
src/components/index.ts(105,81): error TS2304: Cannot find name 'HTMLIonThumbnailElement'.
src/components/index.ts(106,73): error TS2304: Cannot find name 'HTMLIonTitleElement'.
src/components/index.ts(107,73): error TS2304: Cannot find name 'HTMLIonToastElement'.
src/components/index.ts(108,75): error TS2304: Cannot find name 'HTMLIonToggleElement'.
src/components/index.ts(109,77): error TS2304: Cannot find name 'HTMLIonToolbarElement'.

5:29:23â€¯PM - Found 92 errors. Watching for file changes.
c5:29:26â€¯PM - File change detected. Starting incremental compilation...


5:29:27â€¯PM - Found 0 errors. Watching for file changes.
c5:29:58â€¯PM - File change detected. Starting incremental compilation...


5:29:58â€¯PM - Found 0 errors. Watching for file changes.
c5:33:29â€¯PM - File change detected. Starting incremental compilation...


5:33:29â€¯PM - Found 0 errors. Watching for file changes.
c5:36:41â€¯PM - File change detected. Starting incremental compilation...


5:36:41â€¯PM - Found 0 errors. Watching for file changes.
error TS5083: Cannot read file '/Users/felipefialho/Projects/atomium/packages/react/tsconfig.json'.
npm ERR! Lifecycle script `start` failed with error: 
npm ERR! Error: command failed 
npm ERR!   in workspace: @juntossomosmais/atomium-react 
npm ERR!   at location: /Users/felipefialho/Projects/atomium/packages/react 
